# JRE version: OpenJDK Runtime Environment Temurin-17.0.1+12 (17.0.1+12) (build 17.0.1+12)
# Java VM: OpenJDK 64-Bit Server VM Temurin-17.0.1+12 (17.0.1+12, mixed mode, emulated-client, tiered, compressed oops, compressed class ptrs, g1 gc, windows-amd64)
GC Precious Log:
 CPUs: 12 total, 12 available
 Memory: 16145M
 Large Page Support: Disabled
 NUMA Support: Disabled
 Compressed Oops: Enabled (Zero based)
 Heap Region Size: 2M
 Heap Min Capacity: 8M
 Heap Initial Capacity: 254M
 Heap Max Capacity: 4038M
 Pre-touch: Disabled
 Parallel Workers: 10
 Concurrent Workers: 3
 Concurrent Refinement Workers: 10
 Periodic GC: Disabled
Heap:
 garbage-first heap   total 634880K, used 159630K [0x0000000703a00000, 0x0000000800000000)
  region size 2048K, 15 young (30720K), 15 survivors (30720K)
 Metaspace       used 229840K, committed 238400K, reserved 1261568K
  class space    used 25154K, committed 30464K, reserved 1048576K
GC Heap History (20 events):
Event: 1402.947 GC heap after
{Heap after GC invocations=66 (full 0):
 garbage-first heap   total 450560K, used 123830K [0x0000000703a00000, 0x0000000800000000)
  region size 2048K, 7 young (14336K), 7 survivors (14336K)
 Metaspace       used 184360K, committed 190464K, reserved 1220608K
  class space    used 20909K, committed 24640K, reserved 1048576K
}
Event: 1403.552 GC heap before
{Heap before GC invocations=66 (full 0):
 garbage-first heap   total 450560K, used 379830K [0x0000000703a00000, 0x0000000800000000)
  region size 2048K, 132 young (270336K), 7 survivors (14336K)
 Metaspace       used 187729K, committed 193920K, reserved 1220608K
  class space    used 21226K, committed 25024K, reserved 1048576K
}
Event: 1403.559 GC heap after
{Heap after GC invocations=67 (full 0):
 garbage-first heap   total 450560K, used 129808K [0x0000000703a00000, 0x0000000800000000)
  region size 2048K, 10 young (20480K), 10 survivors (20480K)
 Metaspace       used 187729K, committed 193920K, reserved 1220608K
  class space    used 21226K, committed 25024K, reserved 1048576K
}
Event: 1403.720 GC heap before
{Heap before GC invocations=67 (full 0):
 garbage-first heap   total 450560K, used 379664K [0x0000000703a00000, 0x0000000800000000)
  region size 2048K, 132 young (270336K), 10 survivors (20480K)
 Metaspace       used 191680K, committed 198144K, reserved 1228800K
  class space    used 21593K, committed 25536K, reserved 1048576K
}
Event: 1403.728 GC heap after
{Heap after GC invocations=68 (full 0):
 garbage-first heap   total 450560K, used 132814K [0x0000000703a00000, 0x0000000800000000)
  region size 2048K, 10 young (20480K), 10 survivors (20480K)
 Metaspace       used 191680K, committed 198144K, reserved 1228800K
  class space    used 21593K, committed 25536K, reserved 1048576K
}
Event: 1403.899 GC heap before
{Heap before GC invocations=68 (full 0):
 garbage-first heap   total 450560K, used 382670K [0x0000000703a00000, 0x0000000800000000)
  region size 2048K, 132 young (270336K), 10 survivors (20480K)
 Metaspace       used 195650K, committed 202304K, reserved 1228800K
  class space    used 21961K, committed 26048K, reserved 1048576K
}
Event: 1403.909 GC heap after
{Heap after GC invocations=69 (full 0):
 garbage-first heap   total 450560K, used 136532K [0x0000000703a00000, 0x0000000800000000)
  region size 2048K, 10 young (20480K), 10 survivors (20480K)
 Metaspace       used 195650K, committed 202304K, reserved 1228800K
  class space    used 21961K, committed 26048K, reserved 1048576K
}
Event: 1404.083 GC heap before
{Heap before GC invocations=69 (full 0):
 garbage-first heap   total 450560K, used 384340K [0x0000000703a00000, 0x0000000800000000)
  region size 2048K, 131 young (268288K), 10 survivors (20480K)
 Metaspace       used 199576K, committed 206464K, reserved 1236992K
  class space    used 22328K, committed 26560K, reserved 1048576K
}
Event: 1404.092 GC heap after
{Heap after GC invocations=70 (full 0):
 garbage-first heap   total 450560K, used 138059K [0x0000000703a00000, 0x0000000800000000)
  region size 2048K, 10 young (20480K), 10 survivors (20480K)
 Metaspace       used 199576K, committed 206464K, reserved 1236992K
  class space    used 22328K, committed 26560K, reserved 1048576K
}
Event: 1404.257 GC heap before
{Heap before GC invocations=70 (full 0):
 garbage-first heap   total 450560K, used 381771K [0x0000000703a00000, 0x0000000800000000)
  region size 2048K, 129 young (264192K), 10 survivors (20480K)
 Metaspace       used 203458K, committed 210560K, reserved 1236992K
  class space    used 22690K, committed 27072K, reserved 1048576K
}
Event: 1404.265 GC heap after
{Heap after GC invocations=71 (full 0):
 garbage-first heap   total 450560K, used 140844K [0x0000000703a00000, 0x0000000800000000)
  region size 2048K, 9 young (18432K), 9 survivors (18432K)
 Metaspace       used 203458K, committed 210560K, reserved 1236992K
  class space    used 22690K, committed 27072K, reserved 1048576K
}
Event: 1404.437 GC heap before
{Heap before GC invocations=71 (full 0):
 garbage-first heap   total 450560K, used 384556K [0x0000000703a00000, 0x0000000800000000)
  region size 2048K, 128 young (262144K), 9 survivors (18432K)
 Metaspace       used 207304K, committed 214592K, reserved 1236992K
  class space    used 23051K, committed 27520K, reserved 1048576K
}
Event: 1404.445 GC heap after
{Heap after GC invocations=72 (full 0):
 garbage-first heap   total 634880K, used 143889K [0x0000000703a00000, 0x0000000800000000)
  region size 2048K, 10 young (20480K), 10 survivors (20480K)
 Metaspace       used 207304K, committed 214592K, reserved 1236992K
  class space    used 23051K, committed 27520K, reserved 1048576K
}
Event: 1404.717 GC heap before
{Heap before GC invocations=72 (full 0):
 garbage-first heap   total 634880K, used 504337K [0x0000000703a00000, 0x0000000800000000)
  region size 2048K, 186 young (380928K), 10 survivors (20480K)
 Metaspace       used 213020K, committed 220672K, reserved 1245184K
  class space    used 23584K, committed 28288K, reserved 1048576K
}
Event: 1404.728 GC heap after
{Heap after GC invocations=73 (full 0):
 garbage-first heap   total 634880K, used 147985K [0x0000000703a00000, 0x0000000800000000)
  region size 2048K, 12 young (24576K), 12 survivors (24576K)
 Metaspace       used 213020K, committed 220672K, reserved 1245184K
  class space    used 23584K, committed 28288K, reserved 1048576K
}
Event: 1404.988 GC heap before
{Heap before GC invocations=73 (full 0):
 garbage-first heap   total 634880K, used 504337K [0x0000000703a00000, 0x0000000800000000)
  region size 2048K, 186 young (380928K), 12 survivors (24576K)
 Metaspace       used 218664K, committed 226560K, reserved 1253376K
  class space    used 24110K, committed 28992K, reserved 1048576K
}
Event: 1405.000 GC heap after
{Heap after GC invocations=74 (full 0):
 garbage-first heap   total 634880K, used 151305K [0x0000000703a00000, 0x0000000800000000)
  region size 2048K, 14 young (28672K), 14 survivors (28672K)
 Metaspace       used 218664K, committed 226560K, reserved 1253376K
  class space    used 24110K, committed 28992K, reserved 1048576K
}
Event: 1405.254 GC heap before
{Heap before GC invocations=74 (full 0):
 garbage-first heap   total 634880K, used 503561K [0x0000000703a00000, 0x0000000800000000)
  region size 2048K, 186 young (380928K), 14 survivors (28672K)
 Metaspace       used 224270K, committed 232448K, reserved 1253376K
  class space    used 24632K, committed 29696K, reserved 1048576K
}
Event: 1405.267 GC heap after
{Heap after GC invocations=75 (full 0):
 garbage-first heap   total 634880K, used 156129K [0x0000000703a00000, 0x0000000800000000)
  region size 2048K, 14 young (28672K), 14 survivors (28672K)
 Metaspace       used 224270K, committed 232448K, reserved 1253376K
  class space    used 24632K, committed 29696K, reserved 1048576K
}
Event: 1405.514 GC heap before
{Heap before GC invocations=75 (full 0):
 garbage-first heap   total 634880K, used 508385K [0x0000000703a00000, 0x0000000800000000)
  region size 2048K, 186 young (380928K), 14 survivors (28672K)
 Metaspace       used 229840K, committed 238400K, reserved 1261568K
  class space    used 25154K, committed 30464K, reserved 1048576K
}

