# JRE version: OpenJDK Runtime Environment (15.0.1+9) (build 15.0.1+9-18)
# Java VM: OpenJDK 64-Bit Server VM (15.0.1+9-18, mixed mode, tiered, compressed oops, g1 gc, windows-amd64)
GC Precious Log:
 CPUs: 12 total, 12 available
 Memory: 16145M
 Large Page Support: Disabled
 NUMA Support: Disabled
 Compressed Oops: Enabled (Zero based)
 Heap Region Size: 2M
 Heap Min Capacity: 8M
 Heap Initial Capacity: 254M
 Heap Max Capacity: 4038M
 Pre-touch: Disabled
 Parallel Workers: 10
 Concurrent Workers: 3
 Concurrent Refinement Workers: 10
 Periodic GC: Disabled
Heap:
 garbage-first heap   total 145408K, used 85850K [0x0000000703a00000, 0x0000000800000000)
  region size 2048K, 19 young (38912K), 1 survivors (2048K)
 Metaspace       used 69449K, capacity 70198K, committed 70396K, reserved 1112064K
  class space    used 8450K, capacity 8669K, committed 8700K, reserved 1048576K
GC Heap History (20 events):
Event: 7.955 GC heap before
{Heap before GC invocations=22 (full 0):
 garbage-first heap   total 100352K, used 77365K [0x0000000703a00000, 0x0000000800000000)
  region size 2048K, 28 young (57344K), 4 survivors (8192K)
 Metaspace       used 58770K, capacity 59343K, committed 59644K, reserved 1101824K
  class space    used 7151K, capacity 7333K, committed 7420K, reserved 1048576K
}
Event: 7.967 GC heap after
{Heap after GC invocations=23 (full 0):
 garbage-first heap   total 100352K, used 32026K [0x0000000703a00000, 0x0000000800000000)
  region size 2048K, 2 young (4096K), 2 survivors (4096K)
 Metaspace       used 58770K, capacity 59343K, committed 59644K, reserved 1101824K
  class space    used 7151K, capacity 7333K, committed 7420K, reserved 1048576K
}
Event: 8.052 GC heap before
{Heap before GC invocations=23 (full 0):
 garbage-first heap   total 100352K, used 36122K [0x0000000703a00000, 0x0000000800000000)
  region size 2048K, 5 young (10240K), 2 survivors (4096K)
 Metaspace       used 59607K, capacity 60146K, committed 60284K, reserved 1101824K
  class space    used 7251K, capacity 7430K, committed 7548K, reserved 1048576K
}
Event: 8.057 GC heap after
{Heap after GC invocations=24 (full 0):
 garbage-first heap   total 100352K, used 32832K [0x0000000703a00000, 0x0000000800000000)
  region size 2048K, 1 young (2048K), 1 survivors (2048K)
 Metaspace       used 59607K, capacity 60146K, committed 60284K, reserved 1101824K
  class space    used 7251K, capacity 7430K, committed 7548K, reserved 1048576K
}
Event: 8.464 GC heap before
{Heap before GC invocations=25 (full 0):
 garbage-first heap   total 100352K, used 77888K [0x0000000703a00000, 0x0000000800000000)
  region size 2048K, 23 young (47104K), 1 survivors (2048K)
 Metaspace       used 60827K, capacity 61463K, committed 61692K, reserved 1103872K
  class space    used 7385K, capacity 7603K, committed 7676K, reserved 1048576K
}
Event: 8.468 GC heap after
{Heap after GC invocations=26 (full 0):
 garbage-first heap   total 120832K, used 33896K [0x0000000703a00000, 0x0000000800000000)
  region size 2048K, 1 young (2048K), 1 survivors (2048K)
 Metaspace       used 60827K, capacity 61463K, committed 61692K, reserved 1103872K
  class space    used 7385K, capacity 7603K, committed 7676K, reserved 1048576K
}
Event: 8.830 GC heap before
{Heap before GC invocations=26 (full 0):
 garbage-first heap   total 120832K, used 93288K [0x0000000703a00000, 0x0000000800000000)
  region size 2048K, 31 young (63488K), 1 survivors (2048K)
 Metaspace       used 62633K, capacity 63263K, committed 63356K, reserved 1105920K
  class space    used 7571K, capacity 7775K, committed 7804K, reserved 1048576K
}
Event: 8.844 GC heap after
{Heap after GC invocations=27 (full 0):
 garbage-first heap   total 120832K, used 45605K [0x0000000703a00000, 0x0000000800000000)
  region size 2048K, 4 young (8192K), 4 survivors (8192K)
 Metaspace       used 62633K, capacity 63263K, committed 63356K, reserved 1105920K
  class space    used 7571K, capacity 7775K, committed 7804K, reserved 1048576K
}
Event: 9.002 GC heap before
{Heap before GC invocations=27 (full 0):
 garbage-first heap   total 120832K, used 88613K [0x0000000703a00000, 0x0000000800000000)
  region size 2048K, 25 young (51200K), 4 survivors (8192K)
 Metaspace       used 63198K, capacity 63839K, committed 63996K, reserved 1105920K
  class space    used 7629K, capacity 7839K, committed 7932K, reserved 1048576K
}
Event: 9.013 GC heap after
{Heap after GC invocations=28 (full 0):
 garbage-first heap   total 120832K, used 53082K [0x0000000703a00000, 0x0000000800000000)
  region size 2048K, 4 young (8192K), 4 survivors (8192K)
 Metaspace       used 63198K, capacity 63839K, committed 63996K, reserved 1105920K
  class space    used 7629K, capacity 7839K, committed 7932K, reserved 1048576K
}
Event: 9.158 GC heap before
{Heap before GC invocations=28 (full 0):
 garbage-first heap   total 120832K, used 89946K [0x0000000703a00000, 0x0000000800000000)
  region size 2048K, 22 young (45056K), 4 survivors (8192K)
 Metaspace       used 63529K, capacity 64128K, committed 64252K, reserved 1105920K
  class space    used 7663K, capacity 7871K, committed 7932K, reserved 1048576K
}
Event: 9.161 GC heap after
{Heap after GC invocations=29 (full 0):
 garbage-first heap   total 120832K, used 51059K [0x0000000703a00000, 0x0000000800000000)
  region size 2048K, 2 young (4096K), 2 survivors (4096K)
 Metaspace       used 63529K, capacity 64128K, committed 64252K, reserved 1105920K
  class space    used 7663K, capacity 7871K, committed 7932K, reserved 1048576K
}
Event: 9.263 GC heap before
{Heap before GC invocations=29 (full 0):
 garbage-first heap   total 120832K, used 89971K [0x0000000703a00000, 0x0000000800000000)
  region size 2048K, 22 young (45056K), 2 survivors (4096K)
 Metaspace       used 63750K, capacity 64358K, committed 64508K, reserved 1105920K
  class space    used 7694K, capacity 7904K, committed 7932K, reserved 1048576K
}
Event: 9.273 GC heap after
{Heap after GC invocations=30 (full 0):
 garbage-first heap   total 120832K, used 59918K [0x0000000703a00000, 0x0000000800000000)
  region size 2048K, 3 young (6144K), 3 survivors (6144K)
 Metaspace       used 63750K, capacity 64358K, committed 64508K, reserved 1105920K
  class space    used 7694K, capacity 7904K, committed 7932K, reserved 1048576K
}
Event: 10.249 GC heap before
{Heap before GC invocations=30 (full 0):
 garbage-first heap   total 120832K, used 88590K [0x0000000703a00000, 0x0000000800000000)
  region size 2048K, 17 young (34816K), 3 survivors (6144K)
 Metaspace       used 65302K, capacity 65922K, committed 66044K, reserved 1107968K
  class space    used 7882K, capacity 8102K, committed 8188K, reserved 1048576K
}
Event: 10.258 GC heap after
{Heap after GC invocations=31 (full 0):
 garbage-first heap   total 120832K, used 62088K [0x0000000703a00000, 0x0000000800000000)
  region size 2048K, 2 young (4096K), 2 survivors (4096K)
 Metaspace       used 65302K, capacity 65922K, committed 66044K, reserved 1107968K
  class space    used 7882K, capacity 8102K, committed 8188K, reserved 1048576K
}
Event: 14.305 GC heap before
{Heap before GC invocations=32 (full 0):
 garbage-first heap   total 120832K, used 88712K [0x0000000703a00000, 0x0000000800000000)
  region size 2048K, 16 young (32768K), 2 survivors (4096K)
 Metaspace       used 66287K, capacity 66979K, committed 67196K, reserved 1107968K
  class space    used 8025K, capacity 8239K, committed 8316K, reserved 1048576K
}
Event: 14.310 GC heap after
{Heap after GC invocations=33 (full 0):
 garbage-first heap   total 145408K, used 62993K [0x0000000703a00000, 0x0000000800000000)
  region size 2048K, 2 young (4096K), 2 survivors (4096K)
 Metaspace       used 66287K, capacity 66979K, committed 67196K, reserved 1107968K
  class space    used 8025K, capacity 8239K, committed 8316K, reserved 1048576K
}
Event: 14.346 GC heap before
{Heap before GC invocations=33 (full 0):
 garbage-first heap   total 145408K, used 65041K [0x0000000703a00000, 0x0000000800000000)
  region size 2048K, 3 young (6144K), 2 survivors (4096K)
 Metaspace       used 66348K, capacity 67075K, committed 67196K, reserved 1107968K
  class space    used 8032K, capacity 8271K, committed 8316K, reserved 1048576K
}
Event: 14.352 GC heap after
{Heap after GC invocations=34 (full 0):
 garbage-first heap   total 145408K, used 51034K [0x0000000703a00000, 0x0000000800000000)
  region size 2048K, 1 young (2048K), 1 survivors (2048K)
 Metaspace       used 66348K, capacity 67075K, committed 67196K, reserved 1107968K
  class space    used 8032K, capacity 8271K, committed 8316K, reserved 1048576K
}

