# JRE version: OpenJDK Runtime Environment Temurin-17.0.1+12 (17.0.1+12) (build 17.0.1+12)
# Java VM: OpenJDK 64-Bit Server VM Temurin-17.0.1+12 (17.0.1+12, mixed mode, emulated-client, tiered, compressed oops, compressed class ptrs, g1 gc, windows-amd64)
GC Precious Log:
 CPUs: 12 total, 12 available
 Memory: 16145M
 Large Page Support: Disabled
 NUMA Support: Disabled
 Compressed Oops: Enabled (Zero based)
 Heap Region Size: 2M
 Heap Min Capacity: 8M
 Heap Initial Capacity: 254M
 Heap Max Capacity: 4038M
 Pre-touch: Disabled
 Parallel Workers: 10
 Concurrent Workers: 3
 Concurrent Refinement Workers: 10
 Periodic GC: Disabled
Heap:
 garbage-first heap   total 897024K, used 231526K [0x0000000703a00000, 0x0000000800000000)
  region size 2048K, 39 young (79872K), 20 survivors (40960K)
 Metaspace       used 296641K, committed 310976K, reserved 1318912K
  class space    used 32938K, committed 42048K, reserved 1048576K
GC Heap History (20 events):
Event: 34.430 GC heap before
{Heap before GC invocations=69 (full 0):
 garbage-first heap   total 634880K, used 506882K [0x0000000703a00000, 0x0000000800000000)
  region size 2048K, 186 young (380928K), 11 survivors (22528K)
 Metaspace       used 234632K, committed 245120K, reserved 1261568K
  class space    used 26604K, committed 33216K, reserved 1048576K
}
Event: 34.443 GC heap after
{Heap after GC invocations=70 (full 0):
 garbage-first heap   total 634880K, used 152076K [0x0000000703a00000, 0x0000000800000000)
  region size 2048K, 13 young (26624K), 13 survivors (26624K)
 Metaspace       used 234632K, committed 245120K, reserved 1261568K
  class space    used 26604K, committed 33216K, reserved 1048576K
}
Event: 34.957 GC heap before
{Heap before GC invocations=70 (full 0):
 garbage-first heap   total 634880K, used 506380K [0x0000000703a00000, 0x0000000800000000)
  region size 2048K, 186 young (380928K), 13 survivors (26624K)
 Metaspace       used 240336K, committed 251200K, reserved 1269760K
  class space    used 27186K, committed 34048K, reserved 1048576K
}
Event: 34.973 GC heap after
{Heap after GC invocations=71 (full 0):
 garbage-first heap   total 761856K, used 155809K [0x0000000703a00000, 0x0000000800000000)
  region size 2048K, 14 young (28672K), 14 survivors (28672K)
 Metaspace       used 240336K, committed 251200K, reserved 1269760K
  class space    used 27186K, committed 34048K, reserved 1048576K
}
Event: 35.604 GC heap before
{Heap before GC invocations=71 (full 0):
 garbage-first heap   total 761856K, used 581793K [0x0000000703a00000, 0x0000000800000000)
  region size 2048K, 223 young (456704K), 14 survivors (28672K)
 Metaspace       used 247209K, committed 258496K, reserved 1277952K
  class space    used 27889K, committed 35008K, reserved 1048576K
}
Event: 35.621 GC heap after
{Heap after GC invocations=72 (full 0):
 garbage-first heap   total 761856K, used 160919K [0x0000000703a00000, 0x0000000800000000)
  region size 2048K, 17 young (34816K), 17 survivors (34816K)
 Metaspace       used 247209K, committed 258496K, reserved 1277952K
  class space    used 27889K, committed 35008K, reserved 1048576K
}
Event: 36.213 GC heap before
{Heap before GC invocations=72 (full 0):
 garbage-first heap   total 761856K, used 582807K [0x0000000703a00000, 0x0000000800000000)
  region size 2048K, 223 young (456704K), 17 survivors (34816K)
 Metaspace       used 253963K, committed 265664K, reserved 1286144K
  class space    used 28580K, committed 35968K, reserved 1048576K
}
Event: 36.233 GC heap after
{Heap after GC invocations=73 (full 0):
 garbage-first heap   total 761856K, used 164689K [0x0000000703a00000, 0x0000000800000000)
  region size 2048K, 17 young (34816K), 17 survivors (34816K)
 Metaspace       used 253963K, committed 265664K, reserved 1286144K
  class space    used 28580K, committed 35968K, reserved 1048576K
}
Event: 36.824 GC heap before
{Heap before GC invocations=73 (full 0):
 garbage-first heap   total 761856K, used 586577K [0x0000000703a00000, 0x0000000800000000)
  region size 2048K, 223 young (456704K), 17 survivors (34816K)
 Metaspace       used 260736K, committed 272832K, reserved 1286144K
  class space    used 29270K, committed 36928K, reserved 1048576K
}
Event: 36.844 GC heap after
{Heap after GC invocations=74 (full 0):
 garbage-first heap   total 761856K, used 170150K [0x0000000703a00000, 0x0000000800000000)
  region size 2048K, 17 young (34816K), 17 survivors (34816K)
 Metaspace       used 260736K, committed 272832K, reserved 1286144K
  class space    used 29270K, committed 36928K, reserved 1048576K
}
Event: 37.503 GC heap before
{Heap before GC invocations=74 (full 0):
 garbage-first heap   total 761856K, used 592038K [0x0000000703a00000, 0x0000000800000000)
  region size 2048K, 223 young (456704K), 17 survivors (34816K)
 Metaspace       used 267537K, committed 280064K, reserved 1294336K
  class space    used 29965K, committed 37888K, reserved 1048576K
}
Event: 37.524 GC heap after
{Heap after GC invocations=75 (full 0):
 garbage-first heap   total 761856K, used 174233K [0x0000000703a00000, 0x0000000800000000)
  region size 2048K, 17 young (34816K), 17 survivors (34816K)
 Metaspace       used 267537K, committed 280064K, reserved 1294336K
  class space    used 29965K, committed 37888K, reserved 1048576K
}
Event: 38.222 GC heap before
{Heap before GC invocations=75 (full 0):
 garbage-first heap   total 761856K, used 596121K [0x0000000703a00000, 0x0000000800000000)
  region size 2048K, 223 young (456704K), 17 survivors (34816K)
 Metaspace       used 272718K, committed 285568K, reserved 1302528K
  class space    used 30491K, committed 38592K, reserved 1048576K
}
Event: 38.242 GC heap after
{Heap after GC invocations=76 (full 0):
 garbage-first heap   total 897024K, used 177679K [0x0000000703a00000, 0x0000000800000000)
  region size 2048K, 17 young (34816K), 17 survivors (34816K)
 Metaspace       used 272718K, committed 285568K, reserved 1302528K
  class space    used 30491K, committed 38592K, reserved 1048576K
}
Event: 39.002 GC heap before
{Heap before GC invocations=76 (full 0):
 garbage-first heap   total 897024K, used 679439K [0x0000000703a00000, 0x0000000800000000)
  region size 2048K, 262 young (536576K), 17 survivors (34816K)
 Metaspace       used 280515K, committed 293888K, reserved 1310720K
  class space    used 31290K, committed 39744K, reserved 1048576K
}
Event: 39.022 GC heap after
{Heap after GC invocations=77 (full 0):
 garbage-first heap   total 897024K, used 182388K [0x0000000703a00000, 0x0000000800000000)
  region size 2048K, 19 young (38912K), 19 survivors (38912K)
 Metaspace       used 280515K, committed 293888K, reserved 1310720K
  class space    used 31290K, committed 39744K, reserved 1048576K
}
Event: 39.800 GC heap before
{Heap before GC invocations=77 (full 0):
 garbage-first heap   total 897024K, used 680052K [0x0000000703a00000, 0x0000000800000000)
  region size 2048K, 262 young (536576K), 19 survivors (38912K)
 Metaspace       used 288489K, committed 302336K, reserved 1310720K
  class space    used 32107K, committed 40896K, reserved 1048576K
}
Event: 39.824 GC heap after
{Heap after GC invocations=78 (full 0):
 garbage-first heap   total 897024K, used 188579K [0x0000000703a00000, 0x0000000800000000)
  region size 2048K, 20 young (40960K), 20 survivors (40960K)
 Metaspace       used 288489K, committed 302336K, reserved 1310720K
  class space    used 32107K, committed 40896K, reserved 1048576K
}
Event: 40.617 GC heap before
{Heap before GC invocations=78 (full 0):
 garbage-first heap   total 897024K, used 684195K [0x0000000703a00000, 0x0000000800000000)
  region size 2048K, 262 young (536576K), 20 survivors (40960K)
 Metaspace       used 296115K, committed 310400K, reserved 1318912K
  class space    used 32887K, committed 41920K, reserved 1048576K
}
Event: 40.639 GC heap after
{Heap after GC invocations=79 (full 0):
 garbage-first heap   total 897024K, used 194662K [0x0000000703a00000, 0x0000000800000000)
  region size 2048K, 20 young (40960K), 20 survivors (40960K)
 Metaspace       used 296115K, committed 310400K, reserved 1318912K
  class space    used 32887K, committed 41920K, reserved 1048576K
}

