# JRE version: OpenJDK Runtime Environment Temurin-17.0.1+12 (17.0.1+12) (build 17.0.1+12)
# Java VM: OpenJDK 64-Bit Server VM Temurin-17.0.1+12 (17.0.1+12, mixed mode, emulated-client, tiered, compressed oops, compressed class ptrs, g1 gc, windows-amd64)
GC Precious Log:
 CPUs: 12 total, 12 available
 Memory: 16145M
 Large Page Support: Disabled
 NUMA Support: Disabled
 Compressed Oops: Enabled (Zero based)
 Heap Region Size: 2M
 Heap Min Capacity: 8M
 Heap Initial Capacity: 254M
 Heap Max Capacity: 4038M
 Pre-touch: Disabled
 Parallel Workers: 10
 Concurrent Workers: 3
 Concurrent Refinement Workers: 10
 Periodic GC: Disabled
Heap:
 garbage-first heap   total 526336K, used 93686K [0x0000000703a00000, 0x0000000800000000)
  region size 2048K, 2 young (4096K), 2 survivors (4096K)
 Metaspace       used 178382K, committed 185344K, reserved 1212416K
  class space    used 20849K, committed 25216K, reserved 1048576K
GC Heap History (20 events):
Event: 5982.623 GC heap after
{Heap after GC invocations=46 (full 0):
 garbage-first heap   total 561152K, used 82355K [0x0000000703a00000, 0x0000000800000000)
  region size 2048K, 11 young (22528K), 11 survivors (22528K)
 Metaspace       used 138430K, committed 142976K, reserved 1179648K
  class space    used 16772K, committed 19584K, reserved 1048576K
}
Event: 6321.313 GC heap before
{Heap before GC invocations=46 (full 0):
 garbage-first heap   total 561152K, used 395699K [0x0000000703a00000, 0x0000000800000000)
  region size 2048K, 164 young (335872K), 11 survivors (22528K)
 Metaspace       used 143707K, committed 148544K, reserved 1179648K
  class space    used 17312K, committed 20288K, reserved 1048576K
}
Event: 6321.325 GC heap after
{Heap after GC invocations=47 (full 0):
 garbage-first heap   total 561152K, used 77678K [0x0000000703a00000, 0x0000000800000000)
  region size 2048K, 9 young (18432K), 9 survivors (18432K)
 Metaspace       used 143707K, committed 148544K, reserved 1179648K
  class space    used 17312K, committed 20288K, reserved 1048576K
}
Event: 7018.435 GC heap before
{Heap before GC invocations=47 (full 0):
 garbage-first heap   total 561152K, used 395118K [0x0000000703a00000, 0x0000000800000000)
  region size 2048K, 164 young (335872K), 9 survivors (18432K)
 Metaspace       used 148904K, committed 154112K, reserved 1187840K
  class space    used 17841K, committed 21056K, reserved 1048576K
}
Event: 7018.446 GC heap after
{Heap after GC invocations=48 (full 0):
 garbage-first heap   total 561152K, used 81713K [0x0000000703a00000, 0x0000000800000000)
  region size 2048K, 11 young (22528K), 11 survivors (22528K)
 Metaspace       used 148904K, committed 154112K, reserved 1187840K
  class space    used 17841K, committed 21056K, reserved 1048576K
}
Event: 7473.549 GC heap before
{Heap before GC invocations=48 (full 0):
 garbage-first heap   total 561152K, used 395057K [0x0000000703a00000, 0x0000000800000000)
  region size 2048K, 164 young (335872K), 11 survivors (22528K)
 Metaspace       used 153903K, committed 159424K, reserved 1187840K
  class space    used 18355K, committed 21760K, reserved 1048576K
}
Event: 7473.563 GC heap after
{Heap after GC invocations=49 (full 0):
 garbage-first heap   total 561152K, used 81134K [0x0000000703a00000, 0x0000000800000000)
  region size 2048K, 10 young (20480K), 10 survivors (20480K)
 Metaspace       used 153903K, committed 159424K, reserved 1187840K
  class space    used 18355K, committed 21760K, reserved 1048576K
}
Event: 7679.751 GC heap before
{Heap before GC invocations=49 (full 0):
 garbage-first heap   total 561152K, used 396526K [0x0000000703a00000, 0x0000000800000000)
  region size 2048K, 164 young (335872K), 10 survivors (20480K)
 Metaspace       used 158914K, committed 164736K, reserved 1196032K
  class space    used 18866K, committed 22464K, reserved 1048576K
}
Event: 7679.766 GC heap after
{Heap after GC invocations=50 (full 0):
 garbage-first heap   total 561152K, used 83809K [0x0000000703a00000, 0x0000000800000000)
  region size 2048K, 12 young (24576K), 12 survivors (24576K)
 Metaspace       used 158914K, committed 164736K, reserved 1196032K
  class space    used 18866K, committed 22464K, reserved 1048576K
}
Event: 7680.228 GC heap before
{Heap before GC invocations=50 (full 0):
 garbage-first heap   total 561152K, used 395105K [0x0000000703a00000, 0x0000000800000000)
  region size 2048K, 164 young (335872K), 12 survivors (24576K)
 Metaspace       used 163905K, committed 169984K, reserved 1196032K
  class space    used 19377K, committed 23168K, reserved 1048576K
}
Event: 7680.244 GC heap after
{Heap after GC invocations=51 (full 0):
 garbage-first heap   total 561152K, used 86955K [0x0000000703a00000, 0x0000000800000000)
  region size 2048K, 12 young (24576K), 12 survivors (24576K)
 Metaspace       used 163905K, committed 169984K, reserved 1196032K
  class space    used 19377K, committed 23168K, reserved 1048576K
}
Event: 7680.718 GC heap before
{Heap before GC invocations=51 (full 0):
 garbage-first heap   total 561152K, used 398251K [0x0000000703a00000, 0x0000000800000000)
  region size 2048K, 164 young (335872K), 12 survivors (24576K)
 Metaspace       used 168901K, committed 175296K, reserved 1204224K
  class space    used 19888K, committed 23872K, reserved 1048576K
}
Event: 7680.739 GC heap after
{Heap after GC invocations=52 (full 0):
 garbage-first heap   total 561152K, used 89751K [0x0000000703a00000, 0x0000000800000000)
  region size 2048K, 13 young (26624K), 13 survivors (26624K)
 Metaspace       used 168901K, committed 175296K, reserved 1204224K
  class space    used 19888K, committed 23872K, reserved 1048576K
}
Event: 7680.855 GC heap before
{Heap before GC invocations=52 (full 0):
 garbage-first heap   total 561152K, used 167575K [0x0000000703a00000, 0x0000000800000000)
  region size 2048K, 52 young (106496K), 13 survivors (26624K)
 Metaspace       used 170113K, committed 176576K, reserved 1204224K
  class space    used 20012K, committed 24064K, reserved 1048576K
}
Event: 7680.875 GC heap after
{Heap after GC invocations=53 (full 0):
 garbage-first heap   total 561152K, used 90736K [0x0000000703a00000, 0x0000000800000000)
  region size 2048K, 12 young (24576K), 12 survivors (24576K)
 Metaspace       used 170113K, committed 176576K, reserved 1204224K
  class space    used 20012K, committed 24064K, reserved 1048576K
}
Event: 7681.418 GC heap before
{Heap before GC invocations=54 (full 0):
 garbage-first heap   total 458752K, used 340592K [0x0000000703a00000, 0x0000000800000000)
  region size 2048K, 134 young (274432K), 12 survivors (24576K)
 Metaspace       used 174043K, committed 180736K, reserved 1212416K
  class space    used 20405K, committed 24576K, reserved 1048576K
}
Event: 7681.449 GC heap after
{Heap after GC invocations=55 (full 0):
 garbage-first heap   total 458752K, used 93720K [0x0000000703a00000, 0x0000000800000000)
  region size 2048K, 11 young (22528K), 11 survivors (22528K)
 Metaspace       used 174043K, committed 180736K, reserved 1212416K
  class space    used 20405K, committed 24576K, reserved 1048576K
}
Event: 7681.455 GC heap before
{Heap before GC invocations=55 (full 0):
 garbage-first heap   total 458752K, used 95768K [0x0000000703a00000, 0x0000000800000000)
  region size 2048K, 12 young (24576K), 11 survivors (22528K)
 Metaspace       used 174066K, committed 180736K, reserved 1212416K
  class space    used 20407K, committed 24576K, reserved 1048576K
}
Event: 7681.479 GC heap after
{Heap after GC invocations=56 (full 0):
 garbage-first heap   total 458752K, used 93650K [0x0000000703a00000, 0x0000000800000000)
  region size 2048K, 2 young (4096K), 2 survivors (4096K)
 Metaspace       used 174066K, committed 180736K, reserved 1212416K
  class space    used 20407K, committed 24576K, reserved 1048576K
}
Event: 7682.112 GC heap before
{Heap before GC invocations=56 (full 0):
 garbage-first heap   total 458752K, used 363986K [0x0000000703a00000, 0x0000000800000000)
  region size 2048K, 134 young (274432K), 2 survivors (4096K)
 Metaspace       used 178382K, committed 185344K, reserved 1212416K
  class space    used 20849K, committed 25216K, reserved 1048576K
}

