<?xml version="1.0" encoding="UTF-8"?>
<testsuite xmlns:xsi="http://www.w3.org/2001/XMLSchema-instance" xsi:noNamespaceSchemaLocation="https://maven.apache.org/surefire/maven-surefire-plugin/xsd/surefire-test-report.xsd" name="fr.dawan.AppliCFABack.Controller.NoteControllerTest" time="0.196" tests="5" errors="0" skipped="0" failures="2">
  <properties>
[...]
</properties>
  <testcase name="testFindAll" classname="fr.dawan.AppliCFABack.Controller.NoteControllerTest" time="0.037"/>
  <testcase name="testSave" classname="fr.dawan.AppliCFABack.Controller.NoteControllerTest" time="0.052"/>
  <testcase name="testFindById" classname="fr.dawan.AppliCFABack.Controller.NoteControllerTest" time="0.025">
    <failure message="No value at JSON path &quot;$.noteObtenu&quot;" type="java.lang.AssertionError">java.lang.AssertionError: No value at JSON path "$.noteObtenu"
	at fr.dawan.AppliCFABack.Controller.NoteControllerTest.testFindById(NoteControllerTest.java:74)
Caused by: java.lang.IllegalArgumentException: json can not be null or empty
	at fr.dawan.AppliCFABack.Controller.NoteControllerTest.testFindById(NoteControllerTest.java:74)
</failure>
    <system-out><![CDATA[Hibernate: select note0_.id as id1_19_0_, note0_.devoir_id as devoir_i4_19_0_, note0_.etudiant_id as etudiant5_19_0_, note0_.examen_id as examen_i6_19_0_, note0_.note_obtenu as note_obt2_19_0_, note0_.observations as observat3_19_0_, devoir1_.id as id1_7_1_, devoir1_.date_debut as date_deb2_7_1_, devoir1_.date_fin as date_fin3_7_1_, devoir1_.enonce as enonce4_7_1_, devoir1_.intervention_id as interven5_7_1_, interventi2_.id as id1_16_2_, interventi2_.date_debut as date_deb2_16_2_, interventi2_.date_fin as date_fin3_16_2_, interventi2_.formation_id as formatio5_16_2_, interventi2_.intervention_mere_id as interven6_16_2_, interventi2_.note_info_personnel as note_inf4_16_2_, formation3_.id as id1_13_3_, formation3_.contenu as contenu2_13_3_, formation3_.titre as titre3_13_3_, interventi4_.id as id1_16_4_, interventi4_.date_debut as date_deb2_16_4_, interventi4_.date_fin as date_fin3_16_4_, interventi4_.formation_id as formatio5_16_4_, interventi4_.intervention_mere_id as interven6_16_4_, interventi4_.note_info_personnel as note_inf4_16_4_, etudiant5_.id as id1_24_5_, etudiant5_1_.adresse_id as adresse_9_24_5_, etudiant5_1_.civilite as civilite2_24_5_, etudiant5_1_.date_de_naissance as date_de_3_24_5_, etudiant5_1_.entreprise_id as entrepr10_24_5_, etudiant5_1_.login as login4_24_5_, etudiant5_1_.nom as nom5_24_5_, etudiant5_1_.password as password6_24_5_, etudiant5_1_.prenom as prenom7_24_5_, etudiant5_1_.telephone as telephon8_24_5_, etudiant5_.formateur_referent_id as formateu2_9_5_, etudiant5_.manager_id as manager_3_9_5_, adresse6_.id as id1_1_6_, adresse6_.code_postal as code_pos2_1_6_, adresse6_.numero as numero3_1_6_, adresse6_.rue as rue4_1_6_, adresse6_.ville as ville5_1_6_, entreprise7_.id as id1_8_7_, entreprise7_.adresse_siege_id as adresse_3_8_7_, entreprise7_.raison_sociale as raison_s2_8_7_, adresse8_.id as id1_1_8_, adresse8_.code_postal as code_pos2_1_8_, adresse8_.numero as numero3_1_8_, adresse8_.rue as rue4_1_8_, adresse8_.ville as ville5_1_8_, utilisateu9_.id as id1_24_9_, utilisateu9_.adresse_id as adresse_9_24_9_, utilisateu9_.civilite as civilite2_24_9_, utilisateu9_.date_de_naissance as date_de_3_24_9_, utilisateu9_.entreprise_id as entrepr10_24_9_, utilisateu9_.login as login4_24_9_, utilisateu9_.nom as nom5_24_9_, utilisateu9_.password as password6_24_9_, utilisateu9_.prenom as prenom7_24_9_, utilisateu9_.telephone as telephon8_24_9_, utilisateu9_1_.centre_formation_id as centre_f2_2_9_, utilisateu9_2_.formateur_referent_id as formateu2_9_9_, utilisateu9_2_.manager_id as manager_3_9_9_, case when utilisateu9_1_.id is not null then 1 when utilisateu9_2_.id is not null then 2 when utilisateu9_3_.id is not null then 3 when utilisateu9_.id is not null then 0 end as clazz_9_, utilisateu10_.id as id1_24_10_, utilisateu10_.adresse_id as adresse_9_24_10_, utilisateu10_.civilite as civilite2_24_10_, utilisateu10_.date_de_naissance as date_de_3_24_10_, utilisateu10_.entreprise_id as entrepr10_24_10_, utilisateu10_.login as login4_24_10_, utilisateu10_.nom as nom5_24_10_, utilisateu10_.password as password6_24_10_, utilisateu10_.prenom as prenom7_24_10_, utilisateu10_.telephone as telephon8_24_10_, utilisateu10_1_.centre_formation_id as centre_f2_2_10_, utilisateu10_2_.formateur_referent_id as formateu2_9_10_, utilisateu10_2_.manager_id as manager_3_9_10_, case when utilisateu10_1_.id is not null then 1 when utilisateu10_2_.id is not null then 2 when utilisateu10_3_.id is not null then 3 when utilisateu10_.id is not null then 0 end as clazz_10_, centreform11_.id as id1_3_11_, centreform11_.adresse_id as adresse_2_3_11_, centreform11_.entreprise_id as entrepri3_3_11_, adresse12_.id as id1_1_12_, adresse12_.code_postal as code_pos2_1_12_, adresse12_.numero as numero3_1_12_, adresse12_.rue as rue4_1_12_, adresse12_.ville as ville5_1_12_, entreprise13_.id as id1_8_13_, entreprise13_.adresse_siege_id as adresse_3_8_13_, entreprise13_.raison_sociale as raison_s2_8_13_, passageexa14_.id as id1_20_14_, passageexa14_.date_debut as date_deb2_20_14_, passageexa14_.date_fin as date_fin3_20_14_, passageexa14_.examen_id as examen_i4_20_14_, passageexa14_.intervention_id as interven5_20_14_, examen15_.id as id1_10_15_, examen15_.cursus_id as cursus_i3_10_15_, examen15_.enonce as enonce2_10_15_, examen15_.formation_id as formatio4_10_15_, cursus16_.id as id1_5_16_, cursus16_.titre as titre2_5_16_, formation17_.id as id1_13_17_, formation17_.contenu as contenu2_13_17_, formation17_.titre as titre3_13_17_, interventi18_.id as id1_16_18_, interventi18_.date_debut as date_deb2_16_18_, interventi18_.date_fin as date_fin3_16_18_, interventi18_.formation_id as formatio5_16_18_, interventi18_.intervention_mere_id as interven6_16_18_, interventi18_.note_info_personnel as note_inf4_16_18_ from note note0_ left outer join devoir devoir1_ on note0_.devoir_id=devoir1_.id left outer join intervention interventi2_ on devoir1_.intervention_id=interventi2_.id left outer join formation formation3_ on interventi2_.formation_id=formation3_.id left outer join intervention interventi4_ on interventi2_.intervention_mere_id=interventi4_.id left outer join etudiant etudiant5_ on note0_.etudiant_id=etudiant5_.id left outer join utilisateur etudiant5_1_ on etudiant5_.id=etudiant5_1_.id left outer join adresse adresse6_ on etudiant5_1_.adresse_id=adresse6_.id left outer join entreprise entreprise7_ on etudiant5_1_.entreprise_id=entreprise7_.id left outer join adresse adresse8_ on entreprise7_.adresse_siege_id=adresse8_.id left outer join utilisateur utilisateu9_ on etudiant5_.formateur_referent_id=utilisateu9_.id left outer join cef utilisateu9_1_ on utilisateu9_.id=utilisateu9_1_.id left outer join etudiant utilisateu9_2_ on utilisateu9_.id=utilisateu9_2_.id left outer join formateur utilisateu9_3_ on utilisateu9_.id=utilisateu9_3_.id left outer join utilisateur utilisateu10_ on utilisateu9_2_.manager_id=utilisateu10_.id left outer join cef utilisateu10_1_ on utilisateu10_.id=utilisateu10_1_.id left outer join etudiant utilisateu10_2_ on utilisateu10_.id=utilisateu10_2_.id left outer join formateur utilisateu10_3_ on utilisateu10_.id=utilisateu10_3_.id left outer join centre_formation centreform11_ on utilisateu10_1_.centre_formation_id=centreform11_.id left outer join adresse adresse12_ on centreform11_.adresse_id=adresse12_.id left outer join entreprise entreprise13_ on centreform11_.entreprise_id=entreprise13_.id left outer join passage_examen passageexa14_ on note0_.examen_id=passageexa14_.id left outer join examen examen15_ on passageexa14_.examen_id=examen15_.id left outer join cursus cursus16_ on examen15_.cursus_id=cursus16_.id left outer join formation formation17_ on examen15_.formation_id=formation17_.id left outer join intervention interventi18_ on passageexa14_.intervention_id=interventi18_.id where note0_.id=?

MockHttpServletRequest:
      HTTP Method = GET
      Request URI = /AppliCFABack/notes/0
       Parameters = {}
          Headers = [Accept:"application/json"]
             Body = null
    Session Attrs = {}

Handler:
             Type = fr.dawan.AppliCFABack.controllers.NoteController
           Method = fr.dawan.AppliCFABack.controllers.NoteController#getById(long)

Async:
    Async started = false
     Async result = null

Resolved Exception:
             Type = null

ModelAndView:
        View name = null
             View = null
            Model = null

FlashMap:
       Attributes = null

MockHttpServletResponse:
           Status = 200
    Error message = null
          Headers = [Vary:"Origin", "Access-Control-Request-Method", "Access-Control-Request-Headers"]
     Content type = null
             Body = 
    Forwarded URL = null
   Redirected URL = null
          Cookies = []
]]></system-out>
  </testcase>
  <testcase name="testDelete" classname="fr.dawan.AppliCFABack.Controller.NoteControllerTest" time="0.023">
    <failure message="Status expected:&lt;202&gt; but was:&lt;404&gt;" type="java.lang.AssertionError"><![CDATA[java.lang.AssertionError: Status expected:<202> but was:<404>
	at fr.dawan.AppliCFABack.Controller.NoteControllerTest.testDelete(NoteControllerTest.java:138)
]]></failure>
    <system-out><![CDATA[Hibernate: select note0_.id as id1_19_0_, note0_.devoir_id as devoir_i4_19_0_, note0_.etudiant_id as etudiant5_19_0_, note0_.examen_id as examen_i6_19_0_, note0_.note_obtenu as note_obt2_19_0_, note0_.observations as observat3_19_0_, devoir1_.id as id1_7_1_, devoir1_.date_debut as date_deb2_7_1_, devoir1_.date_fin as date_fin3_7_1_, devoir1_.enonce as enonce4_7_1_, devoir1_.intervention_id as interven5_7_1_, interventi2_.id as id1_16_2_, interventi2_.date_debut as date_deb2_16_2_, interventi2_.date_fin as date_fin3_16_2_, interventi2_.formation_id as formatio5_16_2_, interventi2_.intervention_mere_id as interven6_16_2_, interventi2_.note_info_personnel as note_inf4_16_2_, formation3_.id as id1_13_3_, formation3_.contenu as contenu2_13_3_, formation3_.titre as titre3_13_3_, interventi4_.id as id1_16_4_, interventi4_.date_debut as date_deb2_16_4_, interventi4_.date_fin as date_fin3_16_4_, interventi4_.formation_id as formatio5_16_4_, interventi4_.intervention_mere_id as interven6_16_4_, interventi4_.note_info_personnel as note_inf4_16_4_, etudiant5_.id as id1_24_5_, etudiant5_1_.adresse_id as adresse_9_24_5_, etudiant5_1_.civilite as civilite2_24_5_, etudiant5_1_.date_de_naissance as date_de_3_24_5_, etudiant5_1_.entreprise_id as entrepr10_24_5_, etudiant5_1_.login as login4_24_5_, etudiant5_1_.nom as nom5_24_5_, etudiant5_1_.password as password6_24_5_, etudiant5_1_.prenom as prenom7_24_5_, etudiant5_1_.telephone as telephon8_24_5_, etudiant5_.formateur_referent_id as formateu2_9_5_, etudiant5_.manager_id as manager_3_9_5_, adresse6_.id as id1_1_6_, adresse6_.code_postal as code_pos2_1_6_, adresse6_.numero as numero3_1_6_, adresse6_.rue as rue4_1_6_, adresse6_.ville as ville5_1_6_, entreprise7_.id as id1_8_7_, entreprise7_.adresse_siege_id as adresse_3_8_7_, entreprise7_.raison_sociale as raison_s2_8_7_, adresse8_.id as id1_1_8_, adresse8_.code_postal as code_pos2_1_8_, adresse8_.numero as numero3_1_8_, adresse8_.rue as rue4_1_8_, adresse8_.ville as ville5_1_8_, utilisateu9_.id as id1_24_9_, utilisateu9_.adresse_id as adresse_9_24_9_, utilisateu9_.civilite as civilite2_24_9_, utilisateu9_.date_de_naissance as date_de_3_24_9_, utilisateu9_.entreprise_id as entrepr10_24_9_, utilisateu9_.login as login4_24_9_, utilisateu9_.nom as nom5_24_9_, utilisateu9_.password as password6_24_9_, utilisateu9_.prenom as prenom7_24_9_, utilisateu9_.telephone as telephon8_24_9_, utilisateu9_1_.centre_formation_id as centre_f2_2_9_, utilisateu9_2_.formateur_referent_id as formateu2_9_9_, utilisateu9_2_.manager_id as manager_3_9_9_, case when utilisateu9_1_.id is not null then 1 when utilisateu9_2_.id is not null then 2 when utilisateu9_3_.id is not null then 3 when utilisateu9_.id is not null then 0 end as clazz_9_, utilisateu10_.id as id1_24_10_, utilisateu10_.adresse_id as adresse_9_24_10_, utilisateu10_.civilite as civilite2_24_10_, utilisateu10_.date_de_naissance as date_de_3_24_10_, utilisateu10_.entreprise_id as entrepr10_24_10_, utilisateu10_.login as login4_24_10_, utilisateu10_.nom as nom5_24_10_, utilisateu10_.password as password6_24_10_, utilisateu10_.prenom as prenom7_24_10_, utilisateu10_.telephone as telephon8_24_10_, utilisateu10_1_.centre_formation_id as centre_f2_2_10_, utilisateu10_2_.formateur_referent_id as formateu2_9_10_, utilisateu10_2_.manager_id as manager_3_9_10_, case when utilisateu10_1_.id is not null then 1 when utilisateu10_2_.id is not null then 2 when utilisateu10_3_.id is not null then 3 when utilisateu10_.id is not null then 0 end as clazz_10_, centreform11_.id as id1_3_11_, centreform11_.adresse_id as adresse_2_3_11_, centreform11_.entreprise_id as entrepri3_3_11_, adresse12_.id as id1_1_12_, adresse12_.code_postal as code_pos2_1_12_, adresse12_.numero as numero3_1_12_, adresse12_.rue as rue4_1_12_, adresse12_.ville as ville5_1_12_, entreprise13_.id as id1_8_13_, entreprise13_.adresse_siege_id as adresse_3_8_13_, entreprise13_.raison_sociale as raison_s2_8_13_, passageexa14_.id as id1_20_14_, passageexa14_.date_debut as date_deb2_20_14_, passageexa14_.date_fin as date_fin3_20_14_, passageexa14_.examen_id as examen_i4_20_14_, passageexa14_.intervention_id as interven5_20_14_, examen15_.id as id1_10_15_, examen15_.cursus_id as cursus_i3_10_15_, examen15_.enonce as enonce2_10_15_, examen15_.formation_id as formatio4_10_15_, cursus16_.id as id1_5_16_, cursus16_.titre as titre2_5_16_, formation17_.id as id1_13_17_, formation17_.contenu as contenu2_13_17_, formation17_.titre as titre3_13_17_, interventi18_.id as id1_16_18_, interventi18_.date_debut as date_deb2_16_18_, interventi18_.date_fin as date_fin3_16_18_, interventi18_.formation_id as formatio5_16_18_, interventi18_.intervention_mere_id as interven6_16_18_, interventi18_.note_info_personnel as note_inf4_16_18_ from note note0_ left outer join devoir devoir1_ on note0_.devoir_id=devoir1_.id left outer join intervention interventi2_ on devoir1_.intervention_id=interventi2_.id left outer join formation formation3_ on interventi2_.formation_id=formation3_.id left outer join intervention interventi4_ on interventi2_.intervention_mere_id=interventi4_.id left outer join etudiant etudiant5_ on note0_.etudiant_id=etudiant5_.id left outer join utilisateur etudiant5_1_ on etudiant5_.id=etudiant5_1_.id left outer join adresse adresse6_ on etudiant5_1_.adresse_id=adresse6_.id left outer join entreprise entreprise7_ on etudiant5_1_.entreprise_id=entreprise7_.id left outer join adresse adresse8_ on entreprise7_.adresse_siege_id=adresse8_.id left outer join utilisateur utilisateu9_ on etudiant5_.formateur_referent_id=utilisateu9_.id left outer join cef utilisateu9_1_ on utilisateu9_.id=utilisateu9_1_.id left outer join etudiant utilisateu9_2_ on utilisateu9_.id=utilisateu9_2_.id left outer join formateur utilisateu9_3_ on utilisateu9_.id=utilisateu9_3_.id left outer join utilisateur utilisateu10_ on utilisateu9_2_.manager_id=utilisateu10_.id left outer join cef utilisateu10_1_ on utilisateu10_.id=utilisateu10_1_.id left outer join etudiant utilisateu10_2_ on utilisateu10_.id=utilisateu10_2_.id left outer join formateur utilisateu10_3_ on utilisateu10_.id=utilisateu10_3_.id left outer join centre_formation centreform11_ on utilisateu10_1_.centre_formation_id=centreform11_.id left outer join adresse adresse12_ on centreform11_.adresse_id=adresse12_.id left outer join entreprise entreprise13_ on centreform11_.entreprise_id=entreprise13_.id left outer join passage_examen passageexa14_ on note0_.examen_id=passageexa14_.id left outer join examen examen15_ on passageexa14_.examen_id=examen15_.id left outer join cursus cursus16_ on examen15_.cursus_id=cursus16_.id left outer join formation formation17_ on examen15_.formation_id=formation17_.id left outer join intervention interventi18_ on passageexa14_.intervention_id=interventi18_.id where note0_.id=?

MockHttpServletRequest:
      HTTP Method = DELETE
      Request URI = /AppliCFABack/notes/0
       Parameters = {}
          Headers = [Accept:"text/plain"]
             Body = null
    Session Attrs = {}

Handler:
             Type = fr.dawan.AppliCFABack.controllers.NoteController
           Method = fr.dawan.AppliCFABack.controllers.NoteController#deleteById(long)

Async:
    Async started = false
     Async result = null

Resolved Exception:
             Type = null

ModelAndView:
        View name = null
             View = null
            Model = null

FlashMap:
       Attributes = null

MockHttpServletResponse:
           Status = 404
    Error message = null
          Headers = [Vary:"Origin", "Access-Control-Request-Method", "Access-Control-Request-Headers", Content-Type:"text/plain;charset=UTF-8", Content-Length:"26"]
     Content type = text/plain;charset=UTF-8
             Body = suppression non réalisée
    Forwarded URL = null
   Redirected URL = null
          Cookies = []
]]></system-out>
  </testcase>
  <testcase name="testUpdate" classname="fr.dawan.AppliCFABack.Controller.NoteControllerTest" time="0.052"/>
</testsuite>