-------------------------------------------------------------------------------
Test set: fr.dawan.AppliCFABack.Controller.DossierProjetControllerTests
-------------------------------------------------------------------------------
Tests run: 5, Failures: 4, Errors: 0, Skipped: 0, Time elapsed: 0.039 s <<< FAILURE! - in fr.dawan.AppliCFABack.Controller.DossierProjetControllerTests
testSave  Time elapsed: 0.006 s  <<< FAILURE!
java.lang.AssertionError: Status expected:<200> but was:<405>
	at fr.dawan.AppliCFABack.Controller.DossierProjetControllerTests.testSave(DossierProjetControllerTests.java:96)

testFindById  Time elapsed: 0.01 s  <<< FAILURE!
java.lang.AssertionError: No value at JSON path "$.nom"
	at fr.dawan.AppliCFABack.Controller.DossierProjetControllerTests.testFindById(DossierProjetControllerTests.java:76)
Caused by: java.lang.IllegalArgumentException: json can not be null or empty
	at fr.dawan.AppliCFABack.Controller.DossierProjetControllerTests.testFindById(DossierProjetControllerTests.java:76)

testDelete  Time elapsed: 0.006 s  <<< FAILURE!
java.lang.AssertionError: Status expected:<202> but was:<405>
	at fr.dawan.AppliCFABack.Controller.DossierProjetControllerTests.testDelete(DossierProjetControllerTests.java:136)

testUpdate  Time elapsed: 0.005 s  <<< FAILURE!
java.lang.AssertionError: Cannot invoke "fr.dawan.AppliCFABack.dto.DossierProjetDto.setNom(String)" because "dpDto" is null
	at fr.dawan.AppliCFABack.Controller.DossierProjetControllerTests.testUpdate(DossierProjetControllerTests.java:125)

