-------------------------------------------------------------------------------
Test set: fr.dawan.AppliCFABack.Controller.SupportCoursControllerTest
-------------------------------------------------------------------------------
Tests run: 5, Failures: 0, Errors: 5, Skipped: 0, Time elapsed: 0.126 s <<< FAILURE! - in fr.dawan.AppliCFABack.Controller.SupportCoursControllerTest
testFindAll  Time elapsed: 0 s  <<< ERROR!
java.lang.IllegalStateException: Failed to load ApplicationContext
Caused by: java.lang.IllegalArgumentException: Could not resolve placeholder 'APPLICATION_STORAGE_VOLUME' in value "${APPLICATION_STORAGE_VOLUME}/app.log"

insert  Time elapsed: 0 s  <<< ERROR!
java.lang.IllegalStateException: Failed to load ApplicationContext
Caused by: java.lang.IllegalArgumentException: Could not resolve placeholder 'APPLICATION_STORAGE_VOLUME' in value "${APPLICATION_STORAGE_VOLUME}/app.log"

testFindById  Time elapsed: 0 s  <<< ERROR!
java.lang.IllegalStateException: Failed to load ApplicationContext
Caused by: java.lang.IllegalArgumentException: Could not resolve placeholder 'APPLICATION_STORAGE_VOLUME' in value "${APPLICATION_STORAGE_VOLUME}/app.log"

contextLoads  Time elapsed: 0 s  <<< ERROR!
java.lang.IllegalStateException: Failed to load ApplicationContext
Caused by: java.lang.IllegalArgumentException: Could not resolve placeholder 'APPLICATION_STORAGE_VOLUME' in value "${APPLICATION_STORAGE_VOLUME}/app.log"

deleteById  Time elapsed: 0.001 s  <<< ERROR!
java.lang.IllegalStateException: Failed to load ApplicationContext
Caused by: java.lang.IllegalArgumentException: Could not resolve placeholder 'APPLICATION_STORAGE_VOLUME' in value "${APPLICATION_STORAGE_VOLUME}/app.log"

