-------------------------------------------------------------------------------
Test set: fr.dawan.AppliCFABack.Controller.DossierProjetControllerTests
-------------------------------------------------------------------------------
Tests run: 1, Failures: 0, Errors: 1, Skipped: 0, Time elapsed: 0.03 s <<< FAILURE! - in fr.dawan.AppliCFABack.Controller.DossierProjetControllerTests
fr.dawan.AppliCFABack.Controller.DossierProjetControllerTests  Time elapsed: 0.03 s  <<< ERROR!
java.lang.IllegalStateException: Failed to load ApplicationContext
Caused by: java.lang.IllegalArgumentException: Could not resolve placeholder 'APPLICATION_STORAGE_VOLUME' in value "${APPLICATION_STORAGE_VOLUME}/app.log"

