-------------------------------------------------------------------------------
Test set: fr.dawan.AppliCFABack.Controller.FicheEntrepriseControllerTests
-------------------------------------------------------------------------------
Tests run: 5, Failures: 4, Errors: 0, Skipped: 0, Time elapsed: 0.121 s <<< FAILURE! - in fr.dawan.AppliCFABack.Controller.FicheEntrepriseControllerTests
testFindAll  Time elapsed: 0.038 s  <<< FAILURE!
java.lang.AssertionError: Status expected:<200> but was:<500>
	at fr.dawan.AppliCFABack.Controller.FicheEntrepriseControllerTests.testFindAll(FicheEntrepriseControllerTests.java:63)

testFindById  Time elapsed: 0.025 s  <<< FAILURE!
java.lang.AssertionError: No value at JSON path "$.historique"
	at fr.dawan.AppliCFABack.Controller.FicheEntrepriseControllerTests.testFindById(FicheEntrepriseControllerTests.java:75)
Caused by: java.lang.IllegalArgumentException: json can not be null or empty
	at fr.dawan.AppliCFABack.Controller.FicheEntrepriseControllerTests.testFindById(FicheEntrepriseControllerTests.java:75)

testDelete  Time elapsed: 0.02 s  <<< FAILURE!
java.lang.AssertionError: Status expected:<202> but was:<404>
	at fr.dawan.AppliCFABack.Controller.FicheEntrepriseControllerTests.testDelete(FicheEntrepriseControllerTests.java:141)

testUpdate  Time elapsed: 0.001 s  <<< FAILURE!
java.lang.AssertionError: null
	at fr.dawan.AppliCFABack.Controller.FicheEntrepriseControllerTests.testUpdate(FicheEntrepriseControllerTests.java:130)

