<?xml version="1.0" encoding="UTF-8"?>
<testsuite xmlns:xsi="http://www.w3.org/2001/XMLSchema-instance" xsi:noNamespaceSchemaLocation="https://maven.apache.org/surefire/maven-surefire-plugin/xsd/surefire-test-report.xsd" name="fr.dawan.AppliCFABack.Controller.InterventionControllerTests" time="0.082" tests="5" errors="0" skipped="0" failures="2">
  <properties>
[...]
</properties>
  <testcase name="testFindAll" classname="fr.dawan.AppliCFABack.Controller.InterventionControllerTests" time="0.021"/>
  <testcase name="testSave" classname="fr.dawan.AppliCFABack.Controller.InterventionControllerTests" time="0.013"/>
  <testcase name="testFindById" classname="fr.dawan.AppliCFABack.Controller.InterventionControllerTests" time="0.031">
    <failure message="No value at JSON path &quot;$.dateDebut&quot;" type="java.lang.AssertionError">java.lang.AssertionError: No value at JSON path "$.dateDebut"
	at fr.dawan.AppliCFABack.Controller.InterventionControllerTests.testFindById(InterventionControllerTests.java:78)
Caused by: java.lang.IllegalArgumentException: json can not be null or empty
	at fr.dawan.AppliCFABack.Controller.InterventionControllerTests.testFindById(InterventionControllerTests.java:78)
</failure>
    <system-out><![CDATA[Hibernate: select interventi0_.id as id1_28_0_, interventi0_.date_debut as date_deb2_28_0_, interventi0_.date_fin as date_fin3_28_0_, interventi0_.formation_id as formatio5_28_0_, interventi0_.intervention_mere_id as interven6_28_0_, interventi0_.note_info_personnel as note_inf4_28_0_, formation1_.id as id1_25_1_, formation1_.contenu as contenu2_25_1_, formation1_.duration as duration3_25_1_, formation1_.id_dg2 as id_dg4_25_1_, formation1_.slug as slug5_25_1_, formation1_.titre as titre6_25_1_, interventi2_.id as id1_28_2_, interventi2_.date_debut as date_deb2_28_2_, interventi2_.date_fin as date_fin3_28_2_, interventi2_.formation_id as formatio5_28_2_, interventi2_.intervention_mere_id as interven6_28_2_, interventi2_.note_info_personnel as note_inf4_28_2_ from intervention interventi0_ left outer join formation formation1_ on interventi0_.formation_id=formation1_.id left outer join intervention interventi2_ on interventi0_.intervention_mere_id=interventi2_.id where interventi0_.id=?

MockHttpServletRequest:
      HTTP Method = GET
      Request URI = /interventions/0
       Parameters = {}
          Headers = [Accept:"application/json"]
             Body = null
    Session Attrs = {}

Handler:
             Type = fr.dawan.AppliCFABack.controllers.InterventionController
           Method = fr.dawan.AppliCFABack.controllers.InterventionController#getById(long)

Async:
    Async started = false
     Async result = null

Resolved Exception:
             Type = null

ModelAndView:
        View name = null
             View = null
            Model = null

FlashMap:
       Attributes = null

MockHttpServletResponse:
           Status = 200
    Error message = null
          Headers = [Vary:"Origin", "Access-Control-Request-Method", "Access-Control-Request-Headers", Status:"200 OK"]
     Content type = null
             Body = 
    Forwarded URL = null
   Redirected URL = null
          Cookies = []
]]></system-out>
  </testcase>
  <testcase name="testDelete" classname="fr.dawan.AppliCFABack.Controller.InterventionControllerTests" time="0.015">
    <failure message="Status expected:&lt;202&gt; but was:&lt;500&gt;" type="java.lang.AssertionError"><![CDATA[java.lang.AssertionError: Status expected:<202> but was:<500>
	at fr.dawan.AppliCFABack.Controller.InterventionControllerTests.testDelete(InterventionControllerTests.java:145)
]]></failure>
    <system-out><![CDATA[Hibernate: select devoir0_.id as id1_11_, devoir0_.consigne as consigne2_11_, devoir0_.date_debut as date_deb3_11_, devoir0_.date_fin as date_fin4_11_, devoir0_.intervention_id as interven6_11_, devoir0_.version as version5_11_ from devoir devoir0_ left outer join intervention interventi1_ on devoir0_.intervention_id=interventi1_.id where interventi1_.id=?
Hibernate: select interventi0_.id as id1_28_0_, interventi0_.date_debut as date_deb2_28_0_, interventi0_.date_fin as date_fin3_28_0_, interventi0_.formation_id as formatio5_28_0_, interventi0_.intervention_mere_id as interven6_28_0_, interventi0_.note_info_personnel as note_inf4_28_0_, formation1_.id as id1_25_1_, formation1_.contenu as contenu2_25_1_, formation1_.duration as duration3_25_1_, formation1_.id_dg2 as id_dg4_25_1_, formation1_.slug as slug5_25_1_, formation1_.titre as titre6_25_1_, interventi2_.id as id1_28_2_, interventi2_.date_debut as date_deb2_28_2_, interventi2_.date_fin as date_fin3_28_2_, interventi2_.formation_id as formatio5_28_2_, interventi2_.intervention_mere_id as interven6_28_2_, interventi2_.note_info_personnel as note_inf4_28_2_ from intervention interventi0_ left outer join formation formation1_ on interventi0_.formation_id=formation1_.id left outer join intervention interventi2_ on interventi0_.intervention_mere_id=interventi2_.id where interventi0_.id=?

MockHttpServletRequest:
      HTTP Method = DELETE
      Request URI = /interventions/0
       Parameters = {}
          Headers = [Accept:"text/plain"]
             Body = null
    Session Attrs = {}

Handler:
             Type = fr.dawan.AppliCFABack.controllers.InterventionController
           Method = fr.dawan.AppliCFABack.controllers.InterventionController#deleteById(long)

Async:
    Async started = false
     Async result = null

Resolved Exception:
             Type = org.springframework.http.converter.HttpMessageNotWritableException

ModelAndView:
        View name = null
             View = null
            Model = null

FlashMap:
       Attributes = null

MockHttpServletResponse:
           Status = 500
    Error message = null
          Headers = [Vary:"Origin", "Access-Control-Request-Method", "Access-Control-Request-Headers"]
     Content type = null
             Body = 
    Forwarded URL = null
   Redirected URL = null
          Cookies = []
]]></system-out>
  </testcase>
  <testcase name="testUpdate" classname="fr.dawan.AppliCFABack.Controller.InterventionControllerTests" time="0"/>
</testsuite>