<?xml version="1.0" encoding="UTF-8"?>
<testsuite xmlns:xsi="http://www.w3.org/2001/XMLSchema-instance" xsi:noNamespaceSchemaLocation="https://maven.apache.org/surefire/maven-surefire-plugin/xsd/surefire-test-report.xsd" name="fr.dawan.AppliCFABack.Controller.AbsenceControllerTest" time="2.85" tests="4" errors="3" skipped="0" failures="0">
  <properties>
[...]
</properties>
  <testcase name="testSave" classname="fr.dawan.AppliCFABack.Controller.AbsenceControllerTest" time="0.01">
    <error message="Index 0 out of bounds for length 0" type="java.lang.IndexOutOfBoundsException">java.lang.IndexOutOfBoundsException: Index 0 out of bounds for length 0
	at fr.dawan.AppliCFABack.Controller.AbsenceControllerTest.testSave(AbsenceControllerTest.java:93)
</error>
    <system-out><![CDATA[2022-06-06 09:11:21.140  INFO 3248 --- [           main] .b.t.c.SpringBootTestContextBootstrapper : Neither @ContextConfiguration nor @ContextHierarchy found for test class [fr.dawan.AppliCFABack.Controller.AbsenceControllerTest], using SpringBootContextLoader
2022-06-06 09:11:21.141  INFO 3248 --- [           main] o.s.t.c.support.AbstractContextLoader    : Could not detect default resource locations for test class [fr.dawan.AppliCFABack.Controller.AbsenceControllerTest]: no resource found for suffixes {-context.xml, Context.groovy}.
2022-06-06 09:11:21.142  INFO 3248 --- [           main] t.c.s.AnnotationConfigContextLoaderUtils : Could not detect default configuration classes for test class [fr.dawan.AppliCFABack.Controller.AbsenceControllerTest]: AbsenceControllerTest does not declare any static, non-private, non-final, nested classes annotated with @Configuration.
2022-06-06 09:11:21.170  INFO 3248 --- [           main] .b.t.c.SpringBootTestContextBootstrapper : Found @SpringBootConfiguration fr.dawan.AppliCFABack.AppliCfaBackApplication for test class fr.dawan.AppliCFABack.Controller.AbsenceControllerTest
2022-06-06 09:11:21.172  INFO 3248 --- [           main] .b.t.c.SpringBootTestContextBootstrapper : Loaded default TestExecutionListener class names from location [META-INF/spring.factories]: [org.springframework.boot.test.mock.mockito.MockitoTestExecutionListener, org.springframework.boot.test.mock.mockito.ResetMocksTestExecutionListener, org.springframework.boot.test.autoconfigure.restdocs.RestDocsTestExecutionListener, org.springframework.boot.test.autoconfigure.web.client.MockRestServiceServerResetTestExecutionListener, org.springframework.boot.test.autoconfigure.web.servlet.MockMvcPrintOnlyOnFailureTestExecutionListener, org.springframework.boot.test.autoconfigure.web.servlet.WebDriverTestExecutionListener, org.springframework.boot.test.autoconfigure.webservices.client.MockWebServiceServerTestExecutionListener, org.springframework.test.context.web.ServletTestExecutionListener, org.springframework.test.context.support.DirtiesContextBeforeModesTestExecutionListener, org.springframework.test.context.support.DependencyInjectionTestExecutionListener, org.springframework.test.context.support.DirtiesContextTestExecutionListener, org.springframework.test.context.transaction.TransactionalTestExecutionListener, org.springframework.test.context.jdbc.SqlScriptsTestExecutionListener, org.springframework.test.context.event.EventPublishingTestExecutionListener]
2022-06-06 09:11:21.173  INFO 3248 --- [           main] .b.t.c.SpringBootTestContextBootstrapper : Using TestExecutionListeners: [org.springframework.test.context.web.ServletTestExecutionListener@5b3a8bea, org.springframework.test.context.support.DirtiesContextBeforeModesTestExecutionListener@6ba0dcba, org.springframework.boot.test.mock.mockito.MockitoTestExecutionListener@6d7772d3, org.springframework.boot.test.autoconfigure.SpringBootDependencyInjectionTestExecutionListener@38394e76, org.springframework.test.context.support.DirtiesContextTestExecutionListener@37d3e740, org.springframework.test.context.transaction.TransactionalTestExecutionListener@5afba80c, org.springframework.test.context.jdbc.SqlScriptsTestExecutionListener@c4ca86a, org.springframework.test.context.event.EventPublishingTestExecutionListener@7e741d6b, org.springframework.boot.test.mock.mockito.ResetMocksTestExecutionListener@56351c02, org.springframework.boot.test.autoconfigure.restdocs.RestDocsTestExecutionListener@51097500, org.springframework.boot.test.autoconfigure.web.client.MockRestServiceServerResetTestExecutionListener@386f88b3, org.springframework.boot.test.autoconfigure.web.servlet.MockMvcPrintOnlyOnFailureTestExecutionListener@662e5590, org.springframework.boot.test.autoconfigure.web.servlet.WebDriverTestExecutionListener@1885905b, org.springframework.boot.test.autoconfigure.webservices.client.MockWebServiceServerTestExecutionListener@23e573e]

  .   ____          _            __ _ _
 /\\ / ___'_ __ _ _(_)_ __  __ _ \ \ \ \
( ( )\___ | '_ | '_| | '_ \/ _` | \ \ \ \
 \\/  ___)| |_)| | | | | || (_| |  ) ) ) )
  '  |____| .__|_| |_|_| |_\__, | / / / /
 =========|_|==============|___/=/_/_/_/
 :: Spring Boot ::        (v2.3.1.RELEASE)

2022-06-06 09:11:21.197  INFO 3248 --- [           main] f.d.A.Controller.AbsenceControllerTest   : Starting AbsenceControllerTest on PG77700-BJLMHX2 with PID 3248 (started by Admin stagiaire in C:\Users\Admin stagiaire.DESKTOP-8967908\Desktop\cfa-portal-api)
2022-06-06 09:11:21.197  INFO 3248 --- [           main] f.d.A.Controller.AbsenceControllerTest   : No active profile set, falling back to default profiles: default
2022-06-06 09:11:21.783  INFO 3248 --- [           main] .s.d.r.c.RepositoryConfigurationDelegate : Bootstrapping Spring Data JPA repositories in DEFERRED mode.
2022-06-06 09:11:21.884  INFO 3248 --- [           main] .s.d.r.c.RepositoryConfigurationDelegate : Finished Spring Data repository scanning in 100ms. Found 34 JPA repository interfaces.
2022-06-06 09:11:22.126  INFO 3248 --- [           main] o.s.s.concurrent.ThreadPoolTaskExecutor  : Initializing ExecutorService 'applicationTaskExecutor'
2022-06-06 09:11:22.166  INFO 3248 --- [         task-1] o.hibernate.jpa.internal.util.LogHelper  : HHH000204: Processing PersistenceUnitInfo [name: default]
2022-06-06 09:11:22.174  INFO 3248 --- [         task-1] com.zaxxer.hikari.HikariDataSource       : HikariPool-2 - Starting...
2022-06-06 09:11:22.176  INFO 3248 --- [         task-1] com.zaxxer.hikari.HikariDataSource       : HikariPool-2 - Start completed.
2022-06-06 09:11:22.177  INFO 3248 --- [         task-1] org.hibernate.dialect.Dialect            : HHH000400: Using dialect: org.hibernate.dialect.MariaDBDialect
2022-06-06 09:11:22.640  WARN 3248 --- [           main] JpaBaseConfiguration$JpaWebConfiguration : spring.jpa.open-in-view is enabled by default. Therefore, database queries may be performed during view rendering. Explicitly configure spring.jpa.open-in-view to disable this warning
2022-06-06 09:11:23.075  INFO 3248 --- [         task-1] o.h.e.t.j.p.i.JtaPlatformInitiator       : HHH000490: Using JtaPlatform implementation: [org.hibernate.engine.transaction.jta.platform.internal.NoJtaPlatform]
2022-06-06 09:11:23.075  INFO 3248 --- [         task-1] j.LocalContainerEntityManagerFactoryBean : Initialized JPA EntityManagerFactory for persistence unit 'default'
2022-06-06 09:11:23.408  INFO 3248 --- [           main] o.s.b.t.m.w.SpringBootMockServletContext : Initializing Spring TestDispatcherServlet ''
2022-06-06 09:11:23.409  INFO 3248 --- [           main] o.s.t.web.servlet.TestDispatcherServlet  : Initializing Servlet ''
2022-06-06 09:11:23.422  INFO 3248 --- [           main] o.s.t.web.servlet.TestDispatcherServlet  : Completed initialization in 13 ms
2022-06-06 09:11:23.434  INFO 3248 --- [           main] DeferredRepositoryInitializationListener : Triggering deferred initialization of Spring Data repositories…
2022-06-06 09:11:23.899  INFO 3248 --- [           main] DeferredRepositoryInitializationListener : Spring Data repositories initialized!
2022-06-06 09:11:23.907  INFO 3248 --- [           main] f.d.A.Controller.AbsenceControllerTest   : Started AbsenceControllerTest in 2.733 seconds (JVM running for 11.544)
]]></system-out>
  </testcase>
  <testcase name="testFindById" classname="fr.dawan.AppliCFABack.Controller.AbsenceControllerTest" time="0.003">
    <error message="Index 0 out of bounds for length 0" type="java.lang.IndexOutOfBoundsException">java.lang.IndexOutOfBoundsException: Index 0 out of bounds for length 0
	at fr.dawan.AppliCFABack.Controller.AbsenceControllerTest.testFindById(AbsenceControllerTest.java:74)
</error>
  </testcase>
  <testcase name="contextLoads" classname="fr.dawan.AppliCFABack.Controller.AbsenceControllerTest" time="0.061"/>
  <testcase name="testDelete" classname="fr.dawan.AppliCFABack.Controller.AbsenceControllerTest" time="0.004">
    <error message="Index 0 out of bounds for length 0" type="java.lang.IndexOutOfBoundsException">java.lang.IndexOutOfBoundsException: Index 0 out of bounds for length 0
	at fr.dawan.AppliCFABack.Controller.AbsenceControllerTest.testDelete(AbsenceControllerTest.java:108)
</error>
  </testcase>
</testsuite>