<?xml version="1.0" encoding="UTF-8"?>
<testsuite xmlns:xsi="http://www.w3.org/2001/XMLSchema-instance" xsi:noNamespaceSchemaLocation="https://maven.apache.org/surefire/maven-surefire-plugin/xsd/surefire-test-report.xsd" name="fr.dawan.AppliCFABack.Controller.UtilisateurControllerTests" time="0.108" tests="4" errors="0" skipped="0" failures="2">
  <properties>
[...]
</properties>
  <testcase name="testFindAll" classname="fr.dawan.AppliCFABack.Controller.UtilisateurControllerTests" time="0.038"/>
  <testcase name="testSave" classname="fr.dawan.AppliCFABack.Controller.UtilisateurControllerTests" time="0.04">
    <failure message="Status expected:&lt;200&gt; but was:&lt;404&gt;" type="java.lang.AssertionError"><![CDATA[java.lang.AssertionError: Status expected:<200> but was:<404>
	at fr.dawan.AppliCFABack.Controller.UtilisateurControllerTests.testSave(UtilisateurControllerTests.java:101)
]]></failure>
    <system-out><![CDATA[Hibernate: select utilisateu0_.id as id1_42_, utilisateu0_.adresse_id as adresse_9_42_, utilisateu0_.cef_id as cef_id10_42_, utilisateu0_.civilite as civilite2_42_, utilisateu0_.date_de_naissance as date_de_3_42_, utilisateu0_.etudiant_id as etudian11_42_, utilisateu0_.formateur_id as formate12_42_, utilisateu0_.login as login4_42_, utilisateu0_.maitre_apprentissage_id as maitre_13_42_, utilisateu0_.nom as nom5_42_, utilisateu0_.password as password6_42_, utilisateu0_.prenom as prenom7_42_, utilisateu0_.telephone as telephon8_42_ from utilisateur utilisateu0_ where utilisateu0_.login=?

MockHttpServletRequest:
      HTTP Method = POST
      Request URI = /utilisateurs
       Parameters = {}
          Headers = [Content-Type:"application/json;charset=UTF-8", Accept:"application/json", Content-Length:"269"]
             Body = {"id":0,"login":"save login","password":"save password","prenom":"save prenom","nom":"save nom","civilite":null,"dateDeNaissance":null,"telephone":null,"adresseDto":null,"rolesDto":null,"etudiantDto":null,"formateurDto":null,"cefDto":null,"maitreApprentissageDto":null}
    Session Attrs = {}

Handler:
             Type = fr.dawan.AppliCFABack.controllers.UtilisateurController
           Method = fr.dawan.AppliCFABack.controllers.UtilisateurController#insert(UtilisateurDto)

Async:
    Async started = false
     Async result = null

Resolved Exception:
             Type = null

ModelAndView:
        View name = null
             View = null
            Model = null

FlashMap:
       Attributes = null

MockHttpServletResponse:
           Status = 404
    Error message = null
          Headers = [Vary:"Origin", "Access-Control-Request-Method", "Access-Control-Request-Headers", Content-Type:"application/json", Content-Length:"276"]
     Content type = application/json
             Body = not-null property references a null or transient value : fr.dawan.AppliCFABack.entities.Utilisateur.civilite; nested exception is org.hibernate.PropertyValueException: not-null property references a null or transient value : fr.dawan.AppliCFABack.entities.Utilisateur.civilite
    Forwarded URL = null
   Redirected URL = null
          Cookies = []
]]></system-out>
  </testcase>
  <testcase name="testFindById" classname="fr.dawan.AppliCFABack.Controller.UtilisateurControllerTests" time="0.024">
    <failure message="No value at JSON path &quot;$.login&quot;" type="java.lang.AssertionError">java.lang.AssertionError: No value at JSON path "$.login"
	at fr.dawan.AppliCFABack.Controller.UtilisateurControllerTests.testFindById(UtilisateurControllerTests.java:75)
Caused by: java.lang.IllegalArgumentException: json can not be null or empty
	at fr.dawan.AppliCFABack.Controller.UtilisateurControllerTests.testFindById(UtilisateurControllerTests.java:75)
</failure>
    <system-out><![CDATA[id : 0
Hibernate: select utilisateu0_.id as id1_42_0_, utilisateu0_.adresse_id as adresse_9_42_0_, utilisateu0_.cef_id as cef_id10_42_0_, utilisateu0_.civilite as civilite2_42_0_, utilisateu0_.date_de_naissance as date_de_3_42_0_, utilisateu0_.etudiant_id as etudian11_42_0_, utilisateu0_.formateur_id as formate12_42_0_, utilisateu0_.login as login4_42_0_, utilisateu0_.maitre_apprentissage_id as maitre_13_42_0_, utilisateu0_.nom as nom5_42_0_, utilisateu0_.password as password6_42_0_, utilisateu0_.prenom as prenom7_42_0_, utilisateu0_.telephone as telephon8_42_0_, adresse1_.id as id1_2_1_, adresse1_.code_postal as code_pos2_2_1_, adresse1_.numero as numero3_2_1_, adresse1_.rue as rue4_2_1_, adresse1_.ville as ville5_2_1_, cef2_.id as id1_3_2_, cef2_.centre_formation_id as centre_f2_3_2_, cef2_.entreprise_id as entrepri3_3_2_, cef2_.utilisateur_id as utilisat4_3_2_, centreform3_.id as id1_4_3_, centreform3_.adresse_id as adresse_5_4_3_, centreform3_.country_code as country_2_4_3_, centreform3_.entreprise_id as entrepri6_4_3_, centreform3_.id_dg2 as id_dg3_4_3_, centreform3_.nom as nom4_4_3_, entreprise4_.id as id1_15_4_, entreprise4_.adresse_siege_id as adresse_7_15_4_, entreprise4_.effectif_total as effectif2_15_4_, entreprise4_.employeur_type as employeu3_15_4_, entreprise4_.naf as naf4_15_4_, entreprise4_.raison_sociale as raison_s5_15_4_, entreprise4_.siret as siret6_15_4_, utilisateu5_.id as id1_42_5_, utilisateu5_.adresse_id as adresse_9_42_5_, utilisateu5_.cef_id as cef_id10_42_5_, utilisateu5_.civilite as civilite2_42_5_, utilisateu5_.date_de_naissance as date_de_3_42_5_, utilisateu5_.etudiant_id as etudian11_42_5_, utilisateu5_.formateur_id as formate12_42_5_, utilisateu5_.login as login4_42_5_, utilisateu5_.maitre_apprentissage_id as maitre_13_42_5_, utilisateu5_.nom as nom5_42_5_, utilisateu5_.password as password6_42_5_, utilisateu5_.prenom as prenom7_42_5_, utilisateu5_.telephone as telephon8_42_5_, etudiant6_.id as id1_16_6_, etudiant6_.utilisateur_id as utilisat2_16_6_, utilisateu7_.id as id1_42_7_, utilisateu7_.adresse_id as adresse_9_42_7_, utilisateu7_.cef_id as cef_id10_42_7_, utilisateu7_.civilite as civilite2_42_7_, utilisateu7_.date_de_naissance as date_de_3_42_7_, utilisateu7_.etudiant_id as etudian11_42_7_, utilisateu7_.formateur_id as formate12_42_7_, utilisateu7_.login as login4_42_7_, utilisateu7_.maitre_apprentissage_id as maitre_13_42_7_, utilisateu7_.nom as nom5_42_7_, utilisateu7_.password as password6_42_7_, utilisateu7_.prenom as prenom7_42_7_, utilisateu7_.telephone as telephon8_42_7_, formateur8_.id as id1_24_8_, formateur8_.entreprise_id as entrepri2_24_8_, formateur8_.utilisateur_id as utilisat3_24_8_, entreprise9_.id as id1_15_9_, entreprise9_.adresse_siege_id as adresse_7_15_9_, entreprise9_.effectif_total as effectif2_15_9_, entreprise9_.employeur_type as employeu3_15_9_, entreprise9_.naf as naf4_15_9_, entreprise9_.raison_sociale as raison_s5_15_9_, entreprise9_.siret as siret6_15_9_, utilisateu10_.id as id1_42_10_, utilisateu10_.adresse_id as adresse_9_42_10_, utilisateu10_.cef_id as cef_id10_42_10_, utilisateu10_.civilite as civilite2_42_10_, utilisateu10_.date_de_naissance as date_de_3_42_10_, utilisateu10_.etudiant_id as etudian11_42_10_, utilisateu10_.formateur_id as formate12_42_10_, utilisateu10_.login as login4_42_10_, utilisateu10_.maitre_apprentissage_id as maitre_13_42_10_, utilisateu10_.nom as nom5_42_10_, utilisateu10_.password as password6_42_10_, utilisateu10_.prenom as prenom7_42_10_, utilisateu10_.telephone as telephon8_42_10_, maitreappr11_.id as id1_31_11_, maitreappr11_.entreprise_id as entrepri2_31_11_, maitreappr11_.utilisateur_id as utilisat3_31_11_, entreprise12_.id as id1_15_12_, entreprise12_.adresse_siege_id as adresse_7_15_12_, entreprise12_.effectif_total as effectif2_15_12_, entreprise12_.employeur_type as employeu3_15_12_, entreprise12_.naf as naf4_15_12_, entreprise12_.raison_sociale as raison_s5_15_12_, entreprise12_.siret as siret6_15_12_, utilisateu13_.id as id1_42_13_, utilisateu13_.adresse_id as adresse_9_42_13_, utilisateu13_.cef_id as cef_id10_42_13_, utilisateu13_.civilite as civilite2_42_13_, utilisateu13_.date_de_naissance as date_de_3_42_13_, utilisateu13_.etudiant_id as etudian11_42_13_, utilisateu13_.formateur_id as formate12_42_13_, utilisateu13_.login as login4_42_13_, utilisateu13_.maitre_apprentissage_id as maitre_13_42_13_, utilisateu13_.nom as nom5_42_13_, utilisateu13_.password as password6_42_13_, utilisateu13_.prenom as prenom7_42_13_, utilisateu13_.telephone as telephon8_42_13_ from utilisateur utilisateu0_ left outer join adresse adresse1_ on utilisateu0_.adresse_id=adresse1_.id left outer join cef cef2_ on utilisateu0_.cef_id=cef2_.id left outer join centre_formation centreform3_ on cef2_.centre_formation_id=centreform3_.id left outer join entreprise entreprise4_ on cef2_.entreprise_id=entreprise4_.id left outer join utilisateur utilisateu5_ on cef2_.utilisateur_id=utilisateu5_.id left outer join etudiant etudiant6_ on utilisateu0_.etudiant_id=etudiant6_.id left outer join utilisateur utilisateu7_ on etudiant6_.utilisateur_id=utilisateu7_.id left outer join formateur formateur8_ on utilisateu0_.formateur_id=formateur8_.id left outer join entreprise entreprise9_ on formateur8_.entreprise_id=entreprise9_.id left outer join utilisateur utilisateu10_ on formateur8_.utilisateur_id=utilisateu10_.id left outer join maitre_apprentissage maitreappr11_ on utilisateu0_.maitre_apprentissage_id=maitreappr11_.id left outer join entreprise entreprise12_ on maitreappr11_.entreprise_id=entreprise12_.id left outer join utilisateur utilisateu13_ on maitreappr11_.utilisateur_id=utilisateu13_.id where utilisateu0_.id=?

MockHttpServletRequest:
      HTTP Method = GET
      Request URI = /utilisateurs/0
       Parameters = {}
          Headers = [Accept:"application/json"]
             Body = null
    Session Attrs = {}

Handler:
             Type = fr.dawan.AppliCFABack.controllers.UtilisateurController
           Method = fr.dawan.AppliCFABack.controllers.UtilisateurController#getById(long)

Async:
    Async started = false
     Async result = null

Resolved Exception:
             Type = null

ModelAndView:
        View name = null
             View = null
            Model = null

FlashMap:
       Attributes = null

MockHttpServletResponse:
           Status = 200
    Error message = null
          Headers = [Vary:"Origin", "Access-Control-Request-Method", "Access-Control-Request-Headers"]
     Content type = null
             Body = 
    Forwarded URL = null
   Redirected URL = null
          Cookies = []
]]></system-out>
  </testcase>
  <testcase name="testUpdate" classname="fr.dawan.AppliCFABack.Controller.UtilisateurControllerTests" time="0.003"/>
</testsuite>