<?xml version="1.0" encoding="UTF-8"?>
<testsuite xmlns:xsi="http://www.w3.org/2001/XMLSchema-instance" xsi:noNamespaceSchemaLocation="https://maven.apache.org/surefire/maven-surefire-plugin/xsd/surefire-test-report.xsd" name="fr.dawan.AppliCFABack.Controller.FichePosteControllerTests" time="0.081" tests="5" errors="0" skipped="0" failures="2">
  <properties>
[...]
</properties>
  <testcase name="testVindById" classname="fr.dawan.AppliCFABack.Controller.FichePosteControllerTests" time="0.018">
    <failure message="No value at JSON path &quot;$.intitule&quot;" type="java.lang.AssertionError">java.lang.AssertionError: No value at JSON path "$.intitule"
	at fr.dawan.AppliCFABack.Controller.FichePosteControllerTests.testVindById(FichePosteControllerTests.java:75)
Caused by: java.lang.IllegalArgumentException: json can not be null or empty
	at fr.dawan.AppliCFABack.Controller.FichePosteControllerTests.testVindById(FichePosteControllerTests.java:75)
</failure>
    <system-out><![CDATA[2022-05-03 11:20:54.384  INFO 19084 --- [           main] .b.t.c.SpringBootTestContextBootstrapper : Neither @ContextConfiguration nor @ContextHierarchy found for test class [fr.dawan.AppliCFABack.Controller.FichePosteControllerTests], using SpringBootContextLoader
2022-05-03 11:20:54.385  INFO 19084 --- [           main] o.s.t.c.support.AbstractContextLoader    : Could not detect default resource locations for test class [fr.dawan.AppliCFABack.Controller.FichePosteControllerTests]: no resource found for suffixes {-context.xml, Context.groovy}.
2022-05-03 11:20:54.385  INFO 19084 --- [           main] t.c.s.AnnotationConfigContextLoaderUtils : Could not detect default configuration classes for test class [fr.dawan.AppliCFABack.Controller.FichePosteControllerTests]: FichePosteControllerTests does not declare any static, non-private, non-final, nested classes annotated with @Configuration.
2022-05-03 11:20:54.388  INFO 19084 --- [           main] .b.t.c.SpringBootTestContextBootstrapper : Found @SpringBootConfiguration fr.dawan.AppliCFABack.AppliCfaBackApplication for test class fr.dawan.AppliCFABack.Controller.FichePosteControllerTests
2022-05-03 11:20:54.389  INFO 19084 --- [           main] .b.t.c.SpringBootTestContextBootstrapper : Loaded default TestExecutionListener class names from location [META-INF/spring.factories]: [org.springframework.boot.test.mock.mockito.MockitoTestExecutionListener, org.springframework.boot.test.mock.mockito.ResetMocksTestExecutionListener, org.springframework.boot.test.autoconfigure.restdocs.RestDocsTestExecutionListener, org.springframework.boot.test.autoconfigure.web.client.MockRestServiceServerResetTestExecutionListener, org.springframework.boot.test.autoconfigure.web.servlet.MockMvcPrintOnlyOnFailureTestExecutionListener, org.springframework.boot.test.autoconfigure.web.servlet.WebDriverTestExecutionListener, org.springframework.boot.test.autoconfigure.webservices.client.MockWebServiceServerTestExecutionListener, org.springframework.test.context.web.ServletTestExecutionListener, org.springframework.test.context.support.DirtiesContextBeforeModesTestExecutionListener, org.springframework.test.context.support.DependencyInjectionTestExecutionListener, org.springframework.test.context.support.DirtiesContextTestExecutionListener, org.springframework.test.context.transaction.TransactionalTestExecutionListener, org.springframework.test.context.jdbc.SqlScriptsTestExecutionListener, org.springframework.test.context.event.EventPublishingTestExecutionListener]
2022-05-03 11:20:54.390  INFO 19084 --- [           main] .b.t.c.SpringBootTestContextBootstrapper : Using TestExecutionListeners: [org.springframework.test.context.web.ServletTestExecutionListener@1a77faae, org.springframework.test.context.support.DirtiesContextBeforeModesTestExecutionListener@4bca8be2, org.springframework.boot.test.mock.mockito.MockitoTestExecutionListener@7dfdf161, org.springframework.boot.test.autoconfigure.SpringBootDependencyInjectionTestExecutionListener@1de3a67e, org.springframework.test.context.support.DirtiesContextTestExecutionListener@38648de6, org.springframework.test.context.transaction.TransactionalTestExecutionListener@27ee8493, org.springframework.test.context.jdbc.SqlScriptsTestExecutionListener@350a0ff6, org.springframework.test.context.event.EventPublishingTestExecutionListener@35da9f7f, org.springframework.boot.test.mock.mockito.ResetMocksTestExecutionListener@29cd3f9f, org.springframework.boot.test.autoconfigure.restdocs.RestDocsTestExecutionListener@7a54fc29, org.springframework.boot.test.autoconfigure.web.client.MockRestServiceServerResetTestExecutionListener@1fc4292a, org.springframework.boot.test.autoconfigure.web.servlet.MockMvcPrintOnlyOnFailureTestExecutionListener@7e846cca, org.springframework.boot.test.autoconfigure.web.servlet.WebDriverTestExecutionListener@3e759542, org.springframework.boot.test.autoconfigure.webservices.client.MockWebServiceServerTestExecutionListener@639d8311]
Hibernate: select ficheposte0_.id as id1_23_0_, ficheposte0_.composition_service as composit2_23_0_, ficheposte0_.etudiant_id as etudiant8_23_0_, ficheposte0_.intitule as intitule3_23_0_, ficheposte0_.mission as mission4_23_0_, ficheposte0_.mission_principale as mission_5_23_0_, ficheposte0_.nature as nature6_23_0_, ficheposte0_.positionnement as position7_23_0_, etudiant1_.id as id1_16_1_, etudiant1_.utilisateur_id as utilisat2_16_1_, utilisateu2_.id as id1_42_2_, utilisateu2_.adresse_id as adresse_9_42_2_, utilisateu2_.cef_id as cef_id10_42_2_, utilisateu2_.civilite as civilite2_42_2_, utilisateu2_.date_de_naissance as date_de_3_42_2_, utilisateu2_.etudiant_id as etudian11_42_2_, utilisateu2_.formateur_id as formate12_42_2_, utilisateu2_.login as login4_42_2_, utilisateu2_.maitre_apprentissage_id as maitre_13_42_2_, utilisateu2_.nom as nom5_42_2_, utilisateu2_.password as password6_42_2_, utilisateu2_.prenom as prenom7_42_2_, utilisateu2_.telephone as telephon8_42_2_ from fiche_poste ficheposte0_ left outer join etudiant etudiant1_ on ficheposte0_.etudiant_id=etudiant1_.id left outer join utilisateur utilisateu2_ on etudiant1_.utilisateur_id=utilisateu2_.id where ficheposte0_.id=?

MockHttpServletRequest:
      HTTP Method = GET
      Request URI = /fichePostes/0
       Parameters = {}
          Headers = [Accept:"application/json"]
             Body = null
    Session Attrs = {}

Handler:
             Type = fr.dawan.AppliCFABack.controllers.FichePosteController
           Method = fr.dawan.AppliCFABack.controllers.FichePosteController#getById(long)

Async:
    Async started = false
     Async result = null

Resolved Exception:
             Type = null

ModelAndView:
        View name = null
             View = null
            Model = null

FlashMap:
       Attributes = null

MockHttpServletResponse:
           Status = 200
    Error message = null
          Headers = [Vary:"Origin", "Access-Control-Request-Method", "Access-Control-Request-Headers"]
     Content type = null
             Body = 
    Forwarded URL = null
   Redirected URL = null
          Cookies = []
]]></system-out>
  </testcase>
  <testcase name="testFindAll" classname="fr.dawan.AppliCFABack.Controller.FichePosteControllerTests" time="0.011"/>
  <testcase name="TestSave" classname="fr.dawan.AppliCFABack.Controller.FichePosteControllerTests" time="0.021"/>
  <testcase name="testDelete" classname="fr.dawan.AppliCFABack.Controller.FichePosteControllerTests" time="0.023">
    <failure message="Status expected:&lt;202&gt; but was:&lt;404&gt;" type="java.lang.AssertionError"><![CDATA[java.lang.AssertionError: Status expected:<202> but was:<404>
	at fr.dawan.AppliCFABack.Controller.FichePosteControllerTests.testDelete(FichePosteControllerTests.java:142)
]]></failure>
    <system-out><![CDATA[Hibernate: select ficheposte0_.id as id1_23_0_, ficheposte0_.composition_service as composit2_23_0_, ficheposte0_.etudiant_id as etudiant8_23_0_, ficheposte0_.intitule as intitule3_23_0_, ficheposte0_.mission as mission4_23_0_, ficheposte0_.mission_principale as mission_5_23_0_, ficheposte0_.nature as nature6_23_0_, ficheposte0_.positionnement as position7_23_0_, etudiant1_.id as id1_16_1_, etudiant1_.utilisateur_id as utilisat2_16_1_, utilisateu2_.id as id1_42_2_, utilisateu2_.adresse_id as adresse_9_42_2_, utilisateu2_.cef_id as cef_id10_42_2_, utilisateu2_.civilite as civilite2_42_2_, utilisateu2_.date_de_naissance as date_de_3_42_2_, utilisateu2_.etudiant_id as etudian11_42_2_, utilisateu2_.formateur_id as formate12_42_2_, utilisateu2_.login as login4_42_2_, utilisateu2_.maitre_apprentissage_id as maitre_13_42_2_, utilisateu2_.nom as nom5_42_2_, utilisateu2_.password as password6_42_2_, utilisateu2_.prenom as prenom7_42_2_, utilisateu2_.telephone as telephon8_42_2_ from fiche_poste ficheposte0_ left outer join etudiant etudiant1_ on ficheposte0_.etudiant_id=etudiant1_.id left outer join utilisateur utilisateu2_ on etudiant1_.utilisateur_id=utilisateu2_.id where ficheposte0_.id=?

MockHttpServletRequest:
      HTTP Method = DELETE
      Request URI = /fichePostes/0
       Parameters = {}
          Headers = [Accept:"text/plain"]
             Body = null
    Session Attrs = {}

Handler:
             Type = fr.dawan.AppliCFABack.controllers.FichePosteController
           Method = fr.dawan.AppliCFABack.controllers.FichePosteController#deleteById(long)

Async:
    Async started = false
     Async result = null

Resolved Exception:
             Type = null

ModelAndView:
        View name = null
             View = null
            Model = null

FlashMap:
       Attributes = null

MockHttpServletResponse:
           Status = 404
    Error message = null
          Headers = [Vary:"Origin", "Access-Control-Request-Method", "Access-Control-Request-Headers", Content-Type:"text/plain;charset=UTF-8", Content-Length:"26"]
     Content type = text/plain;charset=UTF-8
             Body = suppression non réalisée
    Forwarded URL = null
   Redirected URL = null
          Cookies = []
]]></system-out>
  </testcase>
  <testcase name="testUpdate" classname="fr.dawan.AppliCFABack.Controller.FichePosteControllerTests" time="0.004"/>
</testsuite>